{"C:\\student-feedback-devops\\frontend\\src\\App.js": {"path":"C:\\student-feedback-devops\\frontend\\src\\App.js","statementMap":{"0":{"start":{"line":16,"column":2},"end":{"line":71,"column":4}}},"fnMap":{"0":{"name":"App","decl":{"start":{"line":15,"column":9},"end":{"line":15,"column":12}},"loc":{"start":{"line":15,"column":15},"end":{"line":72,"column":1}},"line":15}},"branchMap":{},"s":{"0":0},"f":{"0":0},"b":{}}
,"C:\\student-feedback-devops\\frontend\\src\\theme.js": {"path":"C:\\student-feedback-devops\\frontend\\src\\theme.js","statementMap":{"0":{"start":{"line":3,"column":17},"end":{"line":126,"column":1}},"1":{"start":{"line":4,"column":23},"end":{"line":25,"column":3}},"2":{"start":{"line":27,"column":22},"end":{"line":48,"column":3}},"3":{"start":{"line":50,"column":2},"end":{"line":125,"column":5}}},"fnMap":{"0":{"name":"(anonymous_0)","decl":{"start":{"line":3,"column":17},"end":{"line":3,"column":18}},"loc":{"start":{"line":3,"column":27},"end":{"line":126,"column":1}},"line":3}},"branchMap":{"0":{"loc":{"start":{"line":53,"column":10},"end":{"line":53,"column":55}},"type":"cond-expr","locations":[{"start":{"line":53,"column":29},"end":{"line":53,"column":41}},{"start":{"line":53,"column":44},"end":{"line":53,"column":55}}],"line":53}},"s":{"0":0,"1":0,"2":0,"3":0},"f":{"0":0},"b":{"0":[0,0]}}
,"C:\\student-feedback-devops\\frontend\\src\\components\\Analytics.js": {"path":"C:\\student-feedback-devops\\frontend\\src\\components\\Analytics.js","statementMap":{"0":{"start":{"line":43,"column":18},"end":{"line":43,"column":29}},"1":{"start":{"line":44,"column":20},"end":{"line":44,"column":33}},"2":{"start":{"line":46,"column":25},"end":{"line":50,"column":1}},"3":{"start":{"line":53,"column":19},"end":{"line":53,"column":28}},"4":{"start":{"line":54,"column":32},"end":{"line":54,"column":46}},"5":{"start":{"line":55,"column":52},"end":{"line":55,"column":68}},"6":{"start":{"line":56,"column":28},"end":{"line":61,"column":4}},"7":{"start":{"line":63,"column":2},"end":{"line":67,"column":32}},"8":{"start":{"line":64,"column":4},"end":{"line":66,"column":5}},"9":{"start":{"line":65,"column":6},"end":{"line":65,"column":23}},"10":{"start":{"line":69,"column":25},"end":{"line":80,"column":3}},"11":{"start":{"line":70,"column":4},"end":{"line":79,"column":5}},"12":{"start":{"line":71,"column":6},"end":{"line":71,"column":23}},"13":{"start":{"line":72,"column":23},"end":{"line":72,"column":87}},"14":{"start":{"line":73,"column":6},"end":{"line":73,"column":52}},"15":{"start":{"line":74,"column":6},"end":{"line":74,"column":35}},"16":{"start":{"line":76,"column":6},"end":{"line":76,"column":56}},"17":{"start":{"line":78,"column":6},"end":{"line":78,"column":24}},"18":{"start":{"line":82,"column":24},"end":{"line":84,"column":3}},"19":{"start":{"line":83,"column":4},"end":{"line":83,"column":21}},"20":{"start":{"line":86,"column":2},"end":{"line":92,"column":3}},"21":{"start":{"line":87,"column":4},"end":{"line":91,"column":6}},"22":{"start":{"line":95,"column":33},"end":{"line":98,"column":41}},"23":{"start":{"line":95,"column":100},"end":{"line":98,"column":3}},"24":{"start":{"line":98,"column":21},"end":{"line":98,"column":40}},"25":{"start":{"line":100,"column":2},"end":{"line":312,"column":4}},"26":{"start":{"line":122,"column":33},"end":{"line":122,"column":69}},"27":{"start":{"line":127,"column":18},"end":{"line":129,"column":29}},"28":{"start":{"line":204,"column":47},"end":{"line":204,"column":78}},"29":{"start":{"line":208,"column":48},"end":{"line":208,"column":85}},"30":{"start":{"line":289,"column":47},"end":{"line":289,"column":78}},"31":{"start":{"line":293,"column":48},"end":{"line":293,"column":85}},"32":{"start":{"line":315,"column":17},"end":{"line":364,"column":1}},"33":{"start":{"line":316,"column":16},"end":{"line":316,"column":26}},"34":{"start":{"line":318,"column":2},"end":{"line":363,"column":4}}},"fnMap":{"0":{"name":"Analytics","decl":{"start":{"line":52,"column":9},"end":{"line":52,"column":18}},"loc":{"start":{"line":52,"column":21},"end":{"line":313,"column":1}},"line":52},"1":{"name":"(anonymous_1)","decl":{"start":{"line":63,"column":12},"end":{"line":63,"column":13}},"loc":{"start":{"line":63,"column":18},"end":{"line":67,"column":3}},"line":63},"2":{"name":"(anonymous_2)","decl":{"start":{"line":69,"column":25},"end":{"line":69,"column":26}},"loc":{"start":{"line":69,"column":37},"end":{"line":80,"column":3}},"line":69},"3":{"name":"(anonymous_3)","decl":{"start":{"line":82,"column":24},"end":{"line":82,"column":25}},"loc":{"start":{"line":82,"column":30},"end":{"line":84,"column":3}},"line":82},"4":{"name":"(anonymous_4)","decl":{"start":{"line":95,"column":78},"end":{"line":95,"column":79}},"loc":{"start":{"line":95,"column":100},"end":{"line":98,"column":3}},"line":95},"5":{"name":"(anonymous_5)","decl":{"start":{"line":98,"column":11},"end":{"line":98,"column":12}},"loc":{"start":{"line":98,"column":21},"end":{"line":98,"column":40}},"line":98},"6":{"name":"(anonymous_6)","decl":{"start":{"line":122,"column":26},"end":{"line":122,"column":27}},"loc":{"start":{"line":122,"column":33},"end":{"line":122,"column":69}},"line":122},"7":{"name":"(anonymous_7)","decl":{"start":{"line":126,"column":38},"end":{"line":126,"column":39}},"loc":{"start":{"line":127,"column":18},"end":{"line":129,"column":29}},"line":127},"8":{"name":"(anonymous_8)","decl":{"start":{"line":204,"column":37},"end":{"line":204,"column":38}},"loc":{"start":{"line":204,"column":47},"end":{"line":204,"column":78}},"line":204},"9":{"name":"(anonymous_9)","decl":{"start":{"line":208,"column":38},"end":{"line":208,"column":39}},"loc":{"start":{"line":208,"column":48},"end":{"line":208,"column":85}},"line":208},"10":{"name":"(anonymous_10)","decl":{"start":{"line":289,"column":37},"end":{"line":289,"column":38}},"loc":{"start":{"line":289,"column":47},"end":{"line":289,"column":78}},"line":289},"11":{"name":"(anonymous_11)","decl":{"start":{"line":293,"column":38},"end":{"line":293,"column":39}},"loc":{"start":{"line":293,"column":48},"end":{"line":293,"column":85}},"line":293},"12":{"name":"(anonymous_12)","decl":{"start":{"line":315,"column":17},"end":{"line":315,"column":18}},"loc":{"start":{"line":315,"column":52},"end":{"line":364,"column":1}},"line":315}},"branchMap":{"0":{"loc":{"start":{"line":64,"column":4},"end":{"line":66,"column":5}},"type":"if","locations":[{"start":{"line":64,"column":4},"end":{"line":66,"column":5}},{"start":{},"end":{}}],"line":64},"1":{"loc":{"start":{"line":86,"column":2},"end":{"line":92,"column":3}},"type":"if","locations":[{"start":{"line":86,"column":2},"end":{"line":92,"column":3}},{"start":{},"end":{}}],"line":86},"2":{"loc":{"start":{"line":166,"column":21},"end":{"line":166,"column":86}},"type":"binary-expr","locations":[{"start":{"line":166,"column":21},"end":{"line":166,"column":81}},{"start":{"line":166,"column":85},"end":{"line":166,"column":86}}],"line":166}},"s":{"0":0,"1":0,"2":0,"3":0,"4":0,"5":0,"6":0,"7":0,"8":0,"9":0,"10":0,"11":0,"12":0,"13":0,"14":0,"15":0,"16":0,"17":0,"18":0,"19":0,"20":0,"21":0,"22":0,"23":0,"24":0,"25":0,"26":0,"27":0,"28":0,"29":0,"30":0,"31":0,"32":0,"33":0,"34":0},"f":{"0":0,"1":0,"2":0,"3":0,"4":0,"5":0,"6":0,"7":0,"8":0,"9":0,"10":0,"11":0,"12":0},"b":{"0":[0,0],"1":[0,0],"2":[0,0]}}
,"C:\\student-feedback-devops\\frontend\\src\\components\\Dashboard.js": {"path":"C:\\student-feedback-devops\\frontend\\src\\components\\Dashboard.js","statementMap":{"0":{"start":{"line":52,"column":18},"end":{"line":52,"column":29}},"1":{"start":{"line":53,"column":20},"end":{"line":53,"column":33}},"2":{"start":{"line":56,"column":16},"end":{"line":56,"column":26}},"3":{"start":{"line":57,"column":36},"end":{"line":57,"column":48}},"4":{"start":{"line":58,"column":32},"end":{"line":58,"column":46}},"5":{"start":{"line":59,"column":50},"end":{"line":59,"column":65}},"6":{"start":{"line":60,"column":50},"end":{"line":60,"column":64}},"7":{"start":{"line":61,"column":34},"end":{"line":61,"column":48}},"8":{"start":{"line":62,"column":54},"end":{"line":62,"column":68}},"9":{"start":{"line":63,"column":28},"end":{"line":63,"column":87}},"10":{"start":{"line":64,"column":28},"end":{"line":69,"column":4}},"11":{"start":{"line":70,"column":38},"end":{"line":70,"column":50}},"12":{"start":{"line":71,"column":42},"end":{"line":71,"column":57}},"13":{"start":{"line":72,"column":30},"end":{"line":72,"column":46}},"14":{"start":{"line":73,"column":19},"end":{"line":73,"column":28}},"15":{"start":{"line":74,"column":19},"end":{"line":74,"column":32}},"16":{"start":{"line":76,"column":2},"end":{"line":78,"column":9}},"17":{"start":{"line":77,"column":4},"end":{"line":77,"column":21}},"18":{"start":{"line":80,"column":25},"end":{"line":105,"column":3}},"19":{"start":{"line":81,"column":4},"end":{"line":88,"column":5}},"20":{"start":{"line":82,"column":6},"end":{"line":87,"column":8}},"21":{"start":{"line":90,"column":23},"end":{"line":90,"column":42}},"22":{"start":{"line":91,"column":25},"end":{"line":91,"column":99}},"23":{"start":{"line":91,"column":50},"end":{"line":91,"column":98}},"24":{"start":{"line":92,"column":22},"end":{"line":94,"column":9}},"25":{"start":{"line":93,"column":43},"end":{"line":93,"column":60}},"26":{"start":{"line":96,"column":20},"end":{"line":96,"column":75}},"27":{"start":{"line":96,"column":45},"end":{"line":96,"column":67}},"28":{"start":{"line":97,"column":21},"end":{"line":97,"column":77}},"29":{"start":{"line":97,"column":46},"end":{"line":97,"column":69}},"30":{"start":{"line":99,"column":4},"end":{"line":104,"column":6}},"31":{"start":{"line":107,"column":25},"end":{"line":134,"column":3}},"32":{"start":{"line":108,"column":4},"end":{"line":133,"column":5}},"33":{"start":{"line":109,"column":6},"end":{"line":109,"column":23}},"34":{"start":{"line":110,"column":23},"end":{"line":110,"column":55}},"35":{"start":{"line":111,"column":27},"end":{"line":111,"column":45}},"36":{"start":{"line":114,"column":6},"end":{"line":114,"column":45}},"37":{"start":{"line":115,"column":6},"end":{"line":115,"column":39}},"38":{"start":{"line":117,"column":6},"end":{"line":117,"column":56}},"39":{"start":{"line":118,"column":6},"end":{"line":122,"column":9}},"40":{"start":{"line":124,"column":6},"end":{"line":129,"column":9}},"41":{"start":{"line":130,"column":6},"end":{"line":130,"column":23}},"42":{"start":{"line":132,"column":6},"end":{"line":132,"column":24}},"43":{"start":{"line":136,"column":27},"end":{"line":138,"column":3}},"44":{"start":{"line":137,"column":4},"end":{"line":137,"column":40}},"45":{"start":{"line":140,"column":25},"end":{"line":143,"column":3}},"46":{"start":{"line":141,"column":4},"end":{"line":141,"column":37}},"47":{"start":{"line":142,"column":4},"end":{"line":142,"column":38}},"48":{"start":{"line":145,"column":26},"end":{"line":148,"column":3}},"49":{"start":{"line":146,"column":4},"end":{"line":146,"column":22}},"50":{"start":{"line":147,"column":4},"end":{"line":147,"column":32}},"51":{"start":{"line":150,"column":21},"end":{"line":153,"column":3}},"52":{"start":{"line":151,"column":4},"end":{"line":151,"column":22}},"53":{"start":{"line":152,"column":4},"end":{"line":152,"column":45}},"54":{"start":{"line":155,"column":23},"end":{"line":159,"column":3}},"55":{"start":{"line":156,"column":4},"end":{"line":156,"column":34}},"56":{"start":{"line":157,"column":4},"end":{"line":157,"column":30}},"57":{"start":{"line":158,"column":4},"end":{"line":158,"column":22}},"58":{"start":{"line":161,"column":24},"end":{"line":195,"column":3}},"59":{"start":{"line":162,"column":4},"end":{"line":194,"column":5}},"60":{"start":{"line":163,"column":23},"end":{"line":163,"column":82}},"61":{"start":{"line":165,"column":6},"end":{"line":167,"column":7}},"62":{"start":{"line":166,"column":8},"end":{"line":166,"column":53}},"63":{"start":{"line":169,"column":6},"end":{"line":169,"column":76}},"64":{"start":{"line":169,"column":43},"end":{"line":169,"column":73}},"65":{"start":{"line":172,"column":6},"end":{"line":177,"column":10}},"66":{"start":{"line":172,"column":24},"end":{"line":177,"column":7}},"67":{"start":{"line":179,"column":6},"end":{"line":183,"column":9}},"68":{"start":{"line":185,"column":6},"end":{"line":185,"column":55}},"69":{"start":{"line":186,"column":6},"end":{"line":190,"column":9}},"70":{"start":{"line":192,"column":6},"end":{"line":192,"column":33}},"71":{"start":{"line":193,"column":6},"end":{"line":193,"column":32}},"72":{"start":{"line":197,"column":25},"end":{"line":208,"column":3}},"73":{"start":{"line":198,"column":4},"end":{"line":207,"column":5}},"74":{"start":{"line":200,"column":8},"end":{"line":200,"column":42}},"75":{"start":{"line":202,"column":8},"end":{"line":202,"column":42}},"76":{"start":{"line":204,"column":8},"end":{"line":204,"column":40}},"77":{"start":{"line":206,"column":8},"end":{"line":206,"column":39}},"78":{"start":{"line":210,"column":24},"end":{"line":221,"column":3}},"79":{"start":{"line":211,"column":4},"end":{"line":220,"column":5}},"80":{"start":{"line":213,"column":8},"end":{"line":213,"column":27}},"81":{"start":{"line":215,"column":8},"end":{"line":215,"column":24}},"82":{"start":{"line":217,"column":8},"end":{"line":217,"column":30}},"83":{"start":{"line":219,"column":8},"end":{"line":219,"column":20}},"84":{"start":{"line":223,"column":28},"end":{"line":243,"column":6}},"85":{"start":{"line":226,"column":8},"end":{"line":228,"column":92}},"86":{"start":{"line":229,"column":28},"end":{"line":229,"column":86}},"87":{"start":{"line":230,"column":6},"end":{"line":230,"column":44}},"88":{"start":{"line":233,"column":6},"end":{"line":242,"column":7}},"89":{"start":{"line":235,"column":10},"end":{"line":235,"column":63}},"90":{"start":{"line":237,"column":10},"end":{"line":237,"column":37}},"91":{"start":{"line":239,"column":10},"end":{"line":239,"column":66}},"92":{"start":{"line":241,"column":10},"end":{"line":241,"column":19}},"93":{"start":{"line":245,"column":2},"end":{"line":251,"column":3}},"94":{"start":{"line":246,"column":4},"end":{"line":250,"column":6}},"95":{"start":{"line":253,"column":2},"end":{"line":553,"column":4}},"96":{"start":{"line":273,"column":27},"end":{"line":273,"column":52}},"97":{"start":{"line":358,"column":33},"end":{"line":358,"column":62}},"98":{"start":{"line":367,"column":33},"end":{"line":367,"column":64}},"99":{"start":{"line":382,"column":33},"end":{"line":382,"column":58}},"100":{"start":{"line":401,"column":12},"end":{"line":500,"column":19}},"101":{"start":{"line":429,"column":48},"end":{"line":429,"column":79}},"102":{"start":{"line":441,"column":53},"end":{"line":441,"column":77}},"103":{"start":{"line":444,"column":53},"end":{"line":444,"column":75}},"104":{"start":{"line":509,"column":23},"end":{"line":509,"column":49}},"105":{"start":{"line":523,"column":33},"end":{"line":523,"column":59}},"106":{"start":{"line":557,"column":19},"end":{"line":595,"column":1}},"107":{"start":{"line":558,"column":16},"end":{"line":558,"column":26}},"108":{"start":{"line":560,"column":2},"end":{"line":594,"column":4}}},"fnMap":{"0":{"name":"Dashboard","decl":{"start":{"line":55,"column":9},"end":{"line":55,"column":18}},"loc":{"start":{"line":55,"column":21},"end":{"line":554,"column":1}},"line":55},"1":{"name":"(anonymous_1)","decl":{"start":{"line":76,"column":12},"end":{"line":76,"column":13}},"loc":{"start":{"line":76,"column":18},"end":{"line":78,"column":3}},"line":76},"2":{"name":"(anonymous_2)","decl":{"start":{"line":80,"column":25},"end":{"line":80,"column":26}},"loc":{"start":{"line":80,"column":43},"end":{"line":105,"column":3}},"line":80},"3":{"name":"(anonymous_3)","decl":{"start":{"line":91,"column":45},"end":{"line":91,"column":46}},"loc":{"start":{"line":91,"column":50},"end":{"line":91,"column":98}},"line":91},"4":{"name":"(anonymous_4)","decl":{"start":{"line":93,"column":28},"end":{"line":93,"column":29}},"loc":{"start":{"line":93,"column":43},"end":{"line":93,"column":60}},"line":93},"5":{"name":"(anonymous_5)","decl":{"start":{"line":96,"column":40},"end":{"line":96,"column":41}},"loc":{"start":{"line":96,"column":45},"end":{"line":96,"column":67}},"line":96},"6":{"name":"(anonymous_6)","decl":{"start":{"line":97,"column":41},"end":{"line":97,"column":42}},"loc":{"start":{"line":97,"column":46},"end":{"line":97,"column":69}},"line":97},"7":{"name":"(anonymous_7)","decl":{"start":{"line":107,"column":25},"end":{"line":107,"column":26}},"loc":{"start":{"line":107,"column":37},"end":{"line":134,"column":3}},"line":107},"8":{"name":"(anonymous_8)","decl":{"start":{"line":136,"column":27},"end":{"line":136,"column":28}},"loc":{"start":{"line":136,"column":33},"end":{"line":138,"column":3}},"line":136},"9":{"name":"(anonymous_9)","decl":{"start":{"line":140,"column":25},"end":{"line":140,"column":26}},"loc":{"start":{"line":140,"column":48},"end":{"line":143,"column":3}},"line":140},"10":{"name":"(anonymous_10)","decl":{"start":{"line":145,"column":26},"end":{"line":145,"column":27}},"loc":{"start":{"line":145,"column":32},"end":{"line":148,"column":3}},"line":145},"11":{"name":"(anonymous_11)","decl":{"start":{"line":150,"column":21},"end":{"line":150,"column":22}},"loc":{"start":{"line":150,"column":37},"end":{"line":153,"column":3}},"line":150},"12":{"name":"(anonymous_12)","decl":{"start":{"line":155,"column":23},"end":{"line":155,"column":24}},"loc":{"start":{"line":155,"column":37},"end":{"line":159,"column":3}},"line":155},"13":{"name":"(anonymous_13)","decl":{"start":{"line":161,"column":24},"end":{"line":161,"column":25}},"loc":{"start":{"line":161,"column":36},"end":{"line":195,"column":3}},"line":161},"14":{"name":"(anonymous_14)","decl":{"start":{"line":169,"column":36},"end":{"line":169,"column":37}},"loc":{"start":{"line":169,"column":43},"end":{"line":169,"column":73}},"line":169},"15":{"name":"(anonymous_15)","decl":{"start":{"line":172,"column":15},"end":{"line":172,"column":16}},"loc":{"start":{"line":172,"column":24},"end":{"line":177,"column":7}},"line":172},"16":{"name":"(anonymous_16)","decl":{"start":{"line":197,"column":25},"end":{"line":197,"column":26}},"loc":{"start":{"line":197,"column":37},"end":{"line":208,"column":3}},"line":197},"17":{"name":"(anonymous_17)","decl":{"start":{"line":210,"column":24},"end":{"line":210,"column":25}},"loc":{"start":{"line":210,"column":36},"end":{"line":221,"column":3}},"line":210},"18":{"name":"(anonymous_18)","decl":{"start":{"line":224,"column":12},"end":{"line":224,"column":13}},"loc":{"start":{"line":224,"column":24},"end":{"line":231,"column":5}},"line":224},"19":{"name":"(anonymous_19)","decl":{"start":{"line":232,"column":10},"end":{"line":232,"column":11}},"loc":{"start":{"line":232,"column":20},"end":{"line":243,"column":5}},"line":232},"20":{"name":"(anonymous_20)","decl":{"start":{"line":273,"column":21},"end":{"line":273,"column":22}},"loc":{"start":{"line":273,"column":27},"end":{"line":273,"column":52}},"line":273},"21":{"name":"(anonymous_21)","decl":{"start":{"line":358,"column":26},"end":{"line":358,"column":27}},"loc":{"start":{"line":358,"column":33},"end":{"line":358,"column":62}},"line":358},"22":{"name":"(anonymous_22)","decl":{"start":{"line":367,"column":26},"end":{"line":367,"column":27}},"loc":{"start":{"line":367,"column":33},"end":{"line":367,"column":64}},"line":367},"23":{"name":"(anonymous_23)","decl":{"start":{"line":382,"column":26},"end":{"line":382,"column":27}},"loc":{"start":{"line":382,"column":33},"end":{"line":382,"column":58}},"line":382},"24":{"name":"(anonymous_24)","decl":{"start":{"line":400,"column":35},"end":{"line":400,"column":36}},"loc":{"start":{"line":401,"column":12},"end":{"line":500,"column":19}},"line":401},"25":{"name":"(anonymous_25)","decl":{"start":{"line":429,"column":41},"end":{"line":429,"column":42}},"loc":{"start":{"line":429,"column":48},"end":{"line":429,"column":79}},"line":429},"26":{"name":"(anonymous_26)","decl":{"start":{"line":441,"column":47},"end":{"line":441,"column":48}},"loc":{"start":{"line":441,"column":53},"end":{"line":441,"column":77}},"line":441},"27":{"name":"(anonymous_27)","decl":{"start":{"line":444,"column":47},"end":{"line":444,"column":48}},"loc":{"start":{"line":444,"column":53},"end":{"line":444,"column":75}},"line":444},"28":{"name":"(anonymous_28)","decl":{"start":{"line":509,"column":17},"end":{"line":509,"column":18}},"loc":{"start":{"line":509,"column":23},"end":{"line":509,"column":49}},"line":509},"29":{"name":"(anonymous_29)","decl":{"start":{"line":523,"column":27},"end":{"line":523,"column":28}},"loc":{"start":{"line":523,"column":33},"end":{"line":523,"column":59}},"line":523},"30":{"name":"(anonymous_30)","decl":{"start":{"line":557,"column":19},"end":{"line":557,"column":20}},"loc":{"start":{"line":557,"column":54},"end":{"line":595,"column":1}},"line":557}},"branchMap":{"0":{"loc":{"start":{"line":81,"column":4},"end":{"line":88,"column":5}},"type":"if","locations":[{"start":{"line":81,"column":4},"end":{"line":88,"column":5}},{"start":{},"end":{}}],"line":81},"1":{"loc":{"start":{"line":81,"column":8},"end":{"line":81,"column":65}},"type":"binary-expr","locations":[{"start":{"line":81,"column":8},"end":{"line":81,"column":36}},{"start":{"line":81,"column":40},"end":{"line":81,"column":65}}],"line":81},"2":{"loc":{"start":{"line":91,"column":50},"end":{"line":91,"column":98}},"type":"binary-expr","locations":[{"start":{"line":91,"column":50},"end":{"line":91,"column":78}},{"start":{"line":91,"column":82},"end":{"line":91,"column":98}}],"line":91},"3":{"loc":{"start":{"line":92,"column":22},"end":{"line":94,"column":9}},"type":"cond-expr","locations":[{"start":{"line":93,"column":8},"end":{"line":93,"column":86}},{"start":{"line":94,"column":8},"end":{"line":94,"column":9}}],"line":92},"4":{"loc":{"start":{"line":115,"column":19},"end":{"line":115,"column":37}},"type":"binary-expr","locations":[{"start":{"line":115,"column":19},"end":{"line":115,"column":31}},{"start":{"line":115,"column":35},"end":{"line":115,"column":37}}],"line":115},"5":{"loc":{"start":{"line":120,"column":17},"end":{"line":120,"column":77}},"type":"binary-expr","locations":[{"start":{"line":120,"column":17},"end":{"line":120,"column":46}},{"start":{"line":120,"column":50},"end":{"line":120,"column":77}}],"line":120},"6":{"loc":{"start":{"line":165,"column":6},"end":{"line":167,"column":7}},"type":"if","locations":[{"start":{"line":165,"column":6},"end":{"line":167,"column":7}},{"start":{},"end":{}}],"line":165},"7":{"loc":{"start":{"line":175,"column":26},"end":{"line":175,"column":115}},"type":"cond-expr","locations":[{"start":{"line":175,"column":66},"end":{"line":175,"column":91}},{"start":{"line":175,"column":94},"end":{"line":175,"column":115}}],"line":175},"8":{"loc":{"start":{"line":176,"column":27},"end":{"line":176,"column":119}},"type":"cond-expr","locations":[{"start":{"line":176,"column":68},"end":{"line":176,"column":94}},{"start":{"line":176,"column":97},"end":{"line":176,"column":119}}],"line":176},"9":{"loc":{"start":{"line":188,"column":17},"end":{"line":188,"column":77}},"type":"binary-expr","locations":[{"start":{"line":188,"column":17},"end":{"line":188,"column":46}},{"start":{"line":188,"column":50},"end":{"line":188,"column":77}}],"line":188},"10":{"loc":{"start":{"line":198,"column":4},"end":{"line":207,"column":5}},"type":"switch","locations":[{"start":{"line":199,"column":6},"end":{"line":200,"column":42}},{"start":{"line":201,"column":6},"end":{"line":202,"column":42}},{"start":{"line":203,"column":6},"end":{"line":204,"column":40}},{"start":{"line":205,"column":6},"end":{"line":206,"column":39}}],"line":198},"11":{"loc":{"start":{"line":211,"column":4},"end":{"line":220,"column":5}},"type":"switch","locations":[{"start":{"line":212,"column":6},"end":{"line":213,"column":27}},{"start":{"line":214,"column":6},"end":{"line":215,"column":24}},{"start":{"line":216,"column":6},"end":{"line":217,"column":30}},{"start":{"line":218,"column":6},"end":{"line":219,"column":20}}],"line":211},"12":{"loc":{"start":{"line":226,"column":8},"end":{"line":228,"column":92}},"type":"binary-expr","locations":[{"start":{"line":226,"column":8},"end":{"line":226,"column":82}},{"start":{"line":227,"column":8},"end":{"line":227,"column":82}},{"start":{"line":228,"column":8},"end":{"line":228,"column":92}}],"line":226},"13":{"loc":{"start":{"line":226,"column":9},"end":{"line":226,"column":46}},"type":"binary-expr","locations":[{"start":{"line":226,"column":9},"end":{"line":226,"column":40}},{"start":{"line":226,"column":44},"end":{"line":226,"column":46}}],"line":226},"14":{"loc":{"start":{"line":227,"column":9},"end":{"line":227,"column":46}},"type":"binary-expr","locations":[{"start":{"line":227,"column":9},"end":{"line":227,"column":40}},{"start":{"line":227,"column":44},"end":{"line":227,"column":46}}],"line":227},"15":{"loc":{"start":{"line":228,"column":9},"end":{"line":228,"column":56}},"type":"binary-expr","locations":[{"start":{"line":228,"column":9},"end":{"line":228,"column":50}},{"start":{"line":228,"column":54},"end":{"line":228,"column":56}}],"line":228},"16":{"loc":{"start":{"line":229,"column":28},"end":{"line":229,"column":86}},"type":"binary-expr","locations":[{"start":{"line":229,"column":28},"end":{"line":229,"column":50}},{"start":{"line":229,"column":54},"end":{"line":229,"column":86}}],"line":229},"17":{"loc":{"start":{"line":230,"column":13},"end":{"line":230,"column":43}},"type":"binary-expr","locations":[{"start":{"line":230,"column":13},"end":{"line":230,"column":26}},{"start":{"line":230,"column":30},"end":{"line":230,"column":43}}],"line":230},"18":{"loc":{"start":{"line":233,"column":6},"end":{"line":242,"column":7}},"type":"switch","locations":[{"start":{"line":234,"column":8},"end":{"line":235,"column":63}},{"start":{"line":236,"column":8},"end":{"line":237,"column":37}},{"start":{"line":238,"column":8},"end":{"line":239,"column":66}},{"start":{"line":240,"column":8},"end":{"line":241,"column":19}}],"line":233},"19":{"loc":{"start":{"line":239,"column":18},"end":{"line":239,"column":33}},"type":"binary-expr","locations":[{"start":{"line":239,"column":18},"end":{"line":239,"column":27}},{"start":{"line":239,"column":31},"end":{"line":239,"column":33}}],"line":239},"20":{"loc":{"start":{"line":239,"column":49},"end":{"line":239,"column":64}},"type":"binary-expr","locations":[{"start":{"line":239,"column":49},"end":{"line":239,"column":58}},{"start":{"line":239,"column":62},"end":{"line":239,"column":64}}],"line":239},"21":{"loc":{"start":{"line":245,"column":2},"end":{"line":251,"column":3}},"type":"if","locations":[{"start":{"line":245,"column":2},"end":{"line":251,"column":3}},{"start":{},"end":{}}],"line":245},"22":{"loc":{"start":{"line":267,"column":13},"end":{"line":267,"column":73}},"type":"cond-expr","locations":[{"start":{"line":267,"column":39},"end":{"line":267,"column":52}},{"start":{"line":267,"column":55},"end":{"line":267,"column":73}}],"line":267},"23":{"loc":{"start":{"line":269,"column":9},"end":{"line":288,"column":9}},"type":"binary-expr","locations":[{"start":{"line":269,"column":9},"end":{"line":269,"column":32}},{"start":{"line":270,"column":10},"end":{"line":287,"column":19}}],"line":269},"24":{"loc":{"start":{"line":337,"column":21},"end":{"line":337,"column":101}},"type":"cond-expr","locations":[{"start":{"line":337,"column":53},"end":{"line":337,"column":80}},{"start":{"line":337,"column":83},"end":{"line":337,"column":101}}],"line":337},"25":{"loc":{"start":{"line":394,"column":9},"end":{"line":503,"column":7}},"type":"cond-expr","locations":[{"start":{"line":395,"column":10},"end":{"line":397,"column":16}},{"start":{"line":399,"column":8},"end":{"line":502,"column":15}}],"line":394},"26":{"loc":{"start":{"line":396,"column":30},"end":{"line":396,"column":112}},"type":"binary-expr","locations":[{"start":{"line":396,"column":30},"end":{"line":396,"column":53}},{"start":{"line":396,"column":57},"end":{"line":396,"column":112}}],"line":396},"27":{"loc":{"start":{"line":409,"column":29},"end":{"line":409,"column":109}},"type":"cond-expr","locations":[{"start":{"line":409,"column":61},"end":{"line":409,"column":88}},{"start":{"line":409,"column":91},"end":{"line":409,"column":109}}],"line":409},"28":{"loc":{"start":{"line":425,"column":23},"end":{"line":449,"column":27}},"type":"binary-expr","locations":[{"start":{"line":425,"column":24},"end":{"line":425,"column":47}},{"start":{"line":425,"column":51},"end":{"line":425,"column":84}},{"start":{"line":426,"column":28},"end":{"line":448,"column":31}}],"line":425},"29":{"loc":{"start":{"line":436,"column":38},"end":{"line":436,"column":94}},"type":"binary-expr","locations":[{"start":{"line":436,"column":38},"end":{"line":436,"column":55}},{"start":{"line":436,"column":59},"end":{"line":436,"column":94}}],"line":436},"30":{"loc":{"start":{"line":568,"column":17},"end":{"line":568,"column":97}},"type":"cond-expr","locations":[{"start":{"line":568,"column":49},"end":{"line":568,"column":76}},{"start":{"line":568,"column":79},"end":{"line":568,"column":97}}],"line":568}},"s":{"0":0,"1":0,"2":0,"3":0,"4":0,"5":0,"6":0,"7":0,"8":0,"9":0,"10":0,"11":0,"12":0,"13":0,"14":0,"15":0,"16":0,"17":0,"18":0,"19":0,"20":0,"21":0,"22":0,"23":0,"24":0,"25":0,"26":0,"27":0,"28":0,"29":0,"30":0,"31":0,"32":0,"33":0,"34":0,"35":0,"36":0,"37":0,"38":0,"39":0,"40":0,"41":0,"42":0,"43":0,"44":0,"45":0,"46":0,"47":0,"48":0,"49":0,"50":0,"51":0,"52":0,"53":0,"54":0,"55":0,"56":0,"57":0,"58":0,"59":0,"60":0,"61":0,"62":0,"63":0,"64":0,"65":0,"66":0,"67":0,"68":0,"69":0,"70":0,"71":0,"72":0,"73":0,"74":0,"75":0,"76":0,"77":0,"78":0,"79":0,"80":0,"81":0,"82":0,"83":0,"84":0,"85":0,"86":0,"87":0,"88":0,"89":0,"90":0,"91":0,"92":0,"93":0,"94":0,"95":0,"96":0,"97":0,"98":0,"99":0,"100":0,"101":0,"102":0,"103":0,"104":0,"105":0,"106":0,"107":0,"108":0},"f":{"0":0,"1":0,"2":0,"3":0,"4":0,"5":0,"6":0,"7":0,"8":0,"9":0,"10":0,"11":0,"12":0,"13":0,"14":0,"15":0,"16":0,"17":0,"18":0,"19":0,"20":0,"21":0,"22":0,"23":0,"24":0,"25":0,"26":0,"27":0,"28":0,"29":0,"30":0},"b":{"0":[0,0],"1":[0,0],"2":[0,0],"3":[0,0],"4":[0,0],"5":[0,0],"6":[0,0],"7":[0,0],"8":[0,0],"9":[0,0],"10":[0,0,0,0],"11":[0,0,0,0],"12":[0,0,0],"13":[0,0],"14":[0,0],"15":[0,0],"16":[0,0],"17":[0,0],"18":[0,0,0,0],"19":[0,0],"20":[0,0],"21":[0,0],"22":[0,0],"23":[0,0],"24":[0,0],"25":[0,0],"26":[0,0],"27":[0,0],"28":[0,0,0],"29":[0,0],"30":[0,0]}}
,"C:\\student-feedback-devops\\frontend\\src\\components\\EditProfileModal.js": {"path":"C:\\student-feedback-devops\\frontend\\src\\components\\EditProfileModal.js","statementMap":{"0":{"start":{"line":23,"column":25},"end":{"line":239,"column":1}},"1":{"start":{"line":24,"column":31},"end":{"line":24,"column":40}},"2":{"start":{"line":25,"column":16},"end":{"line":25,"column":26}},"3":{"start":{"line":26,"column":34},"end":{"line":32,"column":4}},"4":{"start":{"line":33,"column":32},"end":{"line":33,"column":47}},"5":{"start":{"line":34,"column":28},"end":{"line":34,"column":40}},"6":{"start":{"line":36,"column":23},"end":{"line":42,"column":3}},"7":{"start":{"line":37,"column":28},"end":{"line":37,"column":36}},"8":{"start":{"line":38,"column":4},"end":{"line":41,"column":8}},"9":{"start":{"line":38,"column":25},"end":{"line":41,"column":5}},"10":{"start":{"line":44,"column":28},"end":{"line":80,"column":3}},"11":{"start":{"line":45,"column":17},"end":{"line":45,"column":34}},"12":{"start":{"line":46,"column":4},"end":{"line":46,"column":22}},"13":{"start":{"line":46,"column":15},"end":{"line":46,"column":22}},"14":{"start":{"line":49,"column":4},"end":{"line":52,"column":5}},"15":{"start":{"line":50,"column":6},"end":{"line":50,"column":53}},"16":{"start":{"line":51,"column":6},"end":{"line":51,"column":13}},"17":{"start":{"line":55,"column":4},"end":{"line":58,"column":5}},"18":{"start":{"line":56,"column":6},"end":{"line":56,"column":46}},"19":{"start":{"line":57,"column":6},"end":{"line":57,"column":13}},"20":{"start":{"line":60,"column":4},"end":{"line":79,"column":5}},"21":{"start":{"line":61,"column":23},"end":{"line":61,"column":37}},"22":{"start":{"line":62,"column":6},"end":{"line":62,"column":46}},"23":{"start":{"line":64,"column":23},"end":{"line":68,"column":8}},"24":{"start":{"line":70,"column":6},"end":{"line":76,"column":7}},"25":{"start":{"line":71,"column":8},"end":{"line":74,"column":12}},"26":{"start":{"line":71,"column":29},"end":{"line":74,"column":9}},"27":{"start":{"line":75,"column":8},"end":{"line":75,"column":21}},"28":{"start":{"line":78,"column":6},"end":{"line":78,"column":60}},"29":{"start":{"line":82,"column":23},"end":{"line":101,"column":3}},"30":{"start":{"line":83,"column":4},"end":{"line":83,"column":23}},"31":{"start":{"line":84,"column":4},"end":{"line":84,"column":21}},"32":{"start":{"line":85,"column":4},"end":{"line":85,"column":17}},"33":{"start":{"line":87,"column":4},"end":{"line":100,"column":5}},"34":{"start":{"line":88,"column":23},"end":{"line":88,"column":76}},"35":{"start":{"line":90,"column":6},"end":{"line":95,"column":7}},"36":{"start":{"line":91,"column":8},"end":{"line":91,"column":39}},"37":{"start":{"line":92,"column":8},"end":{"line":92,"column":18}},"38":{"start":{"line":94,"column":8},"end":{"line":94,"column":77}},"39":{"start":{"line":97,"column":6},"end":{"line":97,"column":76}},"40":{"start":{"line":99,"column":6},"end":{"line":99,"column":24}},"41":{"start":{"line":103,"column":22},"end":{"line":109,"column":3}},"42":{"start":{"line":104,"column":4},"end":{"line":108,"column":21}},"43":{"start":{"line":106,"column":19},"end":{"line":106,"column":26}},"44":{"start":{"line":111,"column":2},"end":{"line":238,"column":4}}},"fnMap":{"0":{"name":"(anonymous_0)","decl":{"start":{"line":23,"column":25},"end":{"line":23,"column":26}},"loc":{"start":{"line":23,"column":48},"end":{"line":239,"column":1}},"line":23},"1":{"name":"(anonymous_1)","decl":{"start":{"line":36,"column":23},"end":{"line":36,"column":24}},"loc":{"start":{"line":36,"column":30},"end":{"line":42,"column":3}},"line":36},"2":{"name":"(anonymous_2)","decl":{"start":{"line":38,"column":16},"end":{"line":38,"column":17}},"loc":{"start":{"line":38,"column":25},"end":{"line":41,"column":5}},"line":38},"3":{"name":"(anonymous_3)","decl":{"start":{"line":44,"column":28},"end":{"line":44,"column":29}},"loc":{"start":{"line":44,"column":41},"end":{"line":80,"column":3}},"line":44},"4":{"name":"(anonymous_4)","decl":{"start":{"line":71,"column":20},"end":{"line":71,"column":21}},"loc":{"start":{"line":71,"column":29},"end":{"line":74,"column":9}},"line":71},"5":{"name":"(anonymous_5)","decl":{"start":{"line":82,"column":23},"end":{"line":82,"column":24}},"loc":{"start":{"line":82,"column":36},"end":{"line":101,"column":3}},"line":82},"6":{"name":"(anonymous_6)","decl":{"start":{"line":103,"column":22},"end":{"line":103,"column":23}},"loc":{"start":{"line":103,"column":32},"end":{"line":109,"column":3}},"line":103},"7":{"name":"(anonymous_7)","decl":{"start":{"line":106,"column":11},"end":{"line":106,"column":12}},"loc":{"start":{"line":106,"column":19},"end":{"line":106,"column":26}},"line":106}},"branchMap":{"0":{"loc":{"start":{"line":27,"column":14},"end":{"line":27,"column":33}},"type":"binary-expr","locations":[{"start":{"line":27,"column":14},"end":{"line":27,"column":27}},{"start":{"line":27,"column":31},"end":{"line":27,"column":33}}],"line":27},"1":{"loc":{"start":{"line":28,"column":11},"end":{"line":28,"column":27}},"type":"binary-expr","locations":[{"start":{"line":28,"column":11},"end":{"line":28,"column":21}},{"start":{"line":28,"column":25},"end":{"line":28,"column":27}}],"line":28},"2":{"loc":{"start":{"line":29,"column":15},"end":{"line":29,"column":35}},"type":"binary-expr","locations":[{"start":{"line":29,"column":15},"end":{"line":29,"column":29}},{"start":{"line":29,"column":33},"end":{"line":29,"column":35}}],"line":29},"3":{"loc":{"start":{"line":30,"column":14},"end":{"line":30,"column":33}},"type":"binary-expr","locations":[{"start":{"line":30,"column":14},"end":{"line":30,"column":27}},{"start":{"line":30,"column":31},"end":{"line":30,"column":33}}],"line":30},"4":{"loc":{"start":{"line":31,"column":20},"end":{"line":31,"column":45}},"type":"binary-expr","locations":[{"start":{"line":31,"column":20},"end":{"line":31,"column":39}},{"start":{"line":31,"column":43},"end":{"line":31,"column":45}}],"line":31},"5":{"loc":{"start":{"line":46,"column":4},"end":{"line":46,"column":22}},"type":"if","locations":[{"start":{"line":46,"column":4},"end":{"line":46,"column":22}},{"start":{},"end":{}}],"line":46},"6":{"loc":{"start":{"line":49,"column":4},"end":{"line":52,"column":5}},"type":"if","locations":[{"start":{"line":49,"column":4},"end":{"line":52,"column":5}},{"start":{},"end":{}}],"line":49},"7":{"loc":{"start":{"line":55,"column":4},"end":{"line":58,"column":5}},"type":"if","locations":[{"start":{"line":55,"column":4},"end":{"line":58,"column":5}},{"start":{},"end":{}}],"line":55},"8":{"loc":{"start":{"line":70,"column":6},"end":{"line":76,"column":7}},"type":"if","locations":[{"start":{"line":70,"column":6},"end":{"line":76,"column":7}},{"start":{},"end":{}}],"line":70},"9":{"loc":{"start":{"line":90,"column":6},"end":{"line":95,"column":7}},"type":"if","locations":[{"start":{"line":90,"column":6},"end":{"line":95,"column":7}},{"start":{"line":93,"column":13},"end":{"line":95,"column":7}}],"line":90},"10":{"loc":{"start":{"line":94,"column":24},"end":{"line":94,"column":75}},"type":"binary-expr","locations":[{"start":{"line":94,"column":24},"end":{"line":94,"column":45}},{"start":{"line":94,"column":49},"end":{"line":94,"column":75}}],"line":94},"11":{"loc":{"start":{"line":97,"column":15},"end":{"line":97,"column":74}},"type":"binary-expr","locations":[{"start":{"line":97,"column":15},"end":{"line":97,"column":44}},{"start":{"line":97,"column":48},"end":{"line":97,"column":74}}],"line":97},"12":{"loc":{"start":{"line":139,"column":17},"end":{"line":149,"column":17}},"type":"cond-expr","locations":[{"start":{"line":140,"column":18},"end":{"line":144,"column":20}},{"start":{"line":146,"column":18},"end":{"line":148,"column":27}}],"line":139},"13":{"loc":{"start":{"line":213,"column":13},"end":{"line":217,"column":13}},"type":"binary-expr","locations":[{"start":{"line":213,"column":13},"end":{"line":213,"column":18}},{"start":{"line":214,"column":14},"end":{"line":216,"column":27}}],"line":213},"14":{"loc":{"start":{"line":234,"column":11},"end":{"line":234,"column":49}},"type":"cond-expr","locations":[{"start":{"line":234,"column":21},"end":{"line":234,"column":32}},{"start":{"line":234,"column":35},"end":{"line":234,"column":49}}],"line":234}},"s":{"0":0,"1":0,"2":0,"3":0,"4":0,"5":0,"6":0,"7":0,"8":0,"9":0,"10":0,"11":0,"12":0,"13":0,"14":0,"15":0,"16":0,"17":0,"18":0,"19":0,"20":0,"21":0,"22":0,"23":0,"24":0,"25":0,"26":0,"27":0,"28":0,"29":0,"30":0,"31":0,"32":0,"33":0,"34":0,"35":0,"36":0,"37":0,"38":0,"39":0,"40":0,"41":0,"42":0,"43":0,"44":0},"f":{"0":0,"1":0,"2":0,"3":0,"4":0,"5":0,"6":0,"7":0},"b":{"0":[0,0],"1":[0,0],"2":[0,0],"3":[0,0],"4":[0,0],"5":[0,0],"6":[0,0],"7":[0,0],"8":[0,0],"9":[0,0],"10":[0,0],"11":[0,0],"12":[0,0],"13":[0,0],"14":[0,0]}}
,"C:\\student-feedback-devops\\frontend\\src\\components\\FeedbackForm.js": {"path":"C:\\student-feedback-devops\\frontend\\src\\components\\FeedbackForm.js","statementMap":{"0":{"start":{"line":50,"column":18},"end":{"line":50,"column":29}},"1":{"start":{"line":51,"column":20},"end":{"line":51,"column":33}},"2":{"start":{"line":53,"column":14},"end":{"line":53,"column":84}},"3":{"start":{"line":55,"column":17},"end":{"line":66,"column":1}},"4":{"start":{"line":68,"column":21},"end":{"line":1019,"column":1}},"5":{"start":{"line":69,"column":40},"end":{"line":69,"column":51}},"6":{"start":{"line":70,"column":34},"end":{"line":80,"column":4}},"7":{"start":{"line":81,"column":34},"end":{"line":81,"column":46}},"8":{"start":{"line":82,"column":30},"end":{"line":82,"column":42}},"9":{"start":{"line":83,"column":28},"end":{"line":83,"column":40}},"10":{"start":{"line":84,"column":42},"end":{"line":84,"column":57}},"11":{"start":{"line":85,"column":36},"end":{"line":85,"column":51}},"12":{"start":{"line":86,"column":28},"end":{"line":86,"column":87}},"13":{"start":{"line":87,"column":19},"end":{"line":87,"column":32}},"14":{"start":{"line":88,"column":17},"end":{"line":88,"column":28}},"15":{"start":{"line":89,"column":19},"end":{"line":89,"column":28}},"16":{"start":{"line":90,"column":16},"end":{"line":90,"column":26}},"17":{"start":{"line":92,"column":2},"end":{"line":105,"column":22}},"18":{"start":{"line":93,"column":21},"end":{"line":103,"column":5}},"19":{"start":{"line":94,"column":6},"end":{"line":96,"column":7}},"20":{"start":{"line":95,"column":8},"end":{"line":95,"column":30}},"21":{"start":{"line":97,"column":6},"end":{"line":102,"column":7}},"22":{"start":{"line":98,"column":8},"end":{"line":98,"column":27}},"23":{"start":{"line":99,"column":8},"end":{"line":99,"column":30}},"24":{"start":{"line":101,"column":8},"end":{"line":101,"column":32}},"25":{"start":{"line":104,"column":4},"end":{"line":104,"column":15}},"26":{"start":{"line":107,"column":32},"end":{"line":120,"column":3}},"27":{"start":{"line":108,"column":24},"end":{"line":108,"column":34}},"28":{"start":{"line":109,"column":24},"end":{"line":109,"column":49}},"29":{"start":{"line":110,"column":18},"end":{"line":110,"column":44}},"30":{"start":{"line":113,"column":4},"end":{"line":117,"column":5}},"31":{"start":{"line":114,"column":6},"end":{"line":114,"column":57}},"32":{"start":{"line":116,"column":6},"end":{"line":116,"column":57}},"33":{"start":{"line":119,"column":4},"end":{"line":119,"column":53}},"34":{"start":{"line":119,"column":25},"end":{"line":119,"column":50}},"35":{"start":{"line":122,"column":24},"end":{"line":138,"column":3}},"36":{"start":{"line":123,"column":4},"end":{"line":137,"column":5}},"37":{"start":{"line":124,"column":23},"end":{"line":124,"column":60}},"38":{"start":{"line":125,"column":6},"end":{"line":129,"column":7}},"39":{"start":{"line":126,"column":8},"end":{"line":126,"column":40}},"40":{"start":{"line":128,"column":8},"end":{"line":128,"column":24}},"41":{"start":{"line":131,"column":6},"end":{"line":135,"column":9}},"42":{"start":{"line":136,"column":6},"end":{"line":136,"column":22}},"43":{"start":{"line":140,"column":24},"end":{"line":181,"column":3}},"44":{"start":{"line":141,"column":4},"end":{"line":180,"column":5}},"45":{"start":{"line":142,"column":23},"end":{"line":142,"column":61}},"46":{"start":{"line":143,"column":6},"end":{"line":145,"column":7}},"47":{"start":{"line":144,"column":8},"end":{"line":144,"column":52}},"48":{"start":{"line":147,"column":23},"end":{"line":147,"column":41}},"49":{"start":{"line":150,"column":6},"end":{"line":152,"column":7}},"50":{"start":{"line":151,"column":8},"end":{"line":151,"column":64}},"51":{"start":{"line":153,"column":6},"end":{"line":155,"column":7}},"52":{"start":{"line":154,"column":8},"end":{"line":154,"column":64}},"53":{"start":{"line":157,"column":6},"end":{"line":167,"column":9}},"54":{"start":{"line":168,"column":6},"end":{"line":168,"column":24}},"55":{"start":{"line":170,"column":6},"end":{"line":170,"column":55}},"56":{"start":{"line":171,"column":6},"end":{"line":175,"column":9}},"57":{"start":{"line":177,"column":6},"end":{"line":179,"column":15}},"58":{"start":{"line":178,"column":8},"end":{"line":178,"column":31}},"59":{"start":{"line":183,"column":27},"end":{"line":206,"column":3}},"60":{"start":{"line":184,"column":22},"end":{"line":184,"column":24}},"61":{"start":{"line":187,"column":4},"end":{"line":187,"column":69}},"62":{"start":{"line":187,"column":27},"end":{"line":187,"column":69}},"63":{"start":{"line":188,"column":4},"end":{"line":188,"column":69}},"64":{"start":{"line":188,"column":27},"end":{"line":188,"column":69}},"65":{"start":{"line":189,"column":4},"end":{"line":191,"column":5}},"66":{"start":{"line":190,"column":6},"end":{"line":190,"column":76}},"67":{"start":{"line":192,"column":4},"end":{"line":192,"column":66}},"68":{"start":{"line":192,"column":26},"end":{"line":192,"column":66}},"69":{"start":{"line":193,"column":4},"end":{"line":193,"column":72}},"70":{"start":{"line":193,"column":28},"end":{"line":193,"column":72}},"71":{"start":{"line":194,"column":4},"end":{"line":194,"column":85}},"72":{"start":{"line":194,"column":32},"end":{"line":194,"column":85}},"73":{"start":{"line":197,"column":4},"end":{"line":202,"column":5}},"74":{"start":{"line":198,"column":6},"end":{"line":198,"column":68}},"75":{"start":{"line":198,"column":28},"end":{"line":198,"column":68}},"76":{"start":{"line":199,"column":6},"end":{"line":201,"column":7}},"77":{"start":{"line":200,"column":8},"end":{"line":200,"column":78}},"78":{"start":{"line":204,"column":4},"end":{"line":204,"column":25}},"79":{"start":{"line":205,"column":4},"end":{"line":205,"column":47}},"80":{"start":{"line":208,"column":23},"end":{"line":238,"column":3}},"81":{"start":{"line":209,"column":22},"end":{"line":209,"column":24}},"82":{"start":{"line":211,"column":4},"end":{"line":234,"column":5}},"83":{"start":{"line":213,"column":8},"end":{"line":213,"column":73}},"84":{"start":{"line":213,"column":31},"end":{"line":213,"column":73}},"85":{"start":{"line":214,"column":8},"end":{"line":214,"column":73}},"86":{"start":{"line":214,"column":31},"end":{"line":214,"column":73}},"87":{"start":{"line":215,"column":8},"end":{"line":215,"column":14}},"88":{"start":{"line":217,"column":8},"end":{"line":219,"column":9}},"89":{"start":{"line":218,"column":10},"end":{"line":218,"column":80}},"90":{"start":{"line":220,"column":8},"end":{"line":220,"column":70}},"91":{"start":{"line":220,"column":30},"end":{"line":220,"column":70}},"92":{"start":{"line":221,"column":8},"end":{"line":221,"column":14}},"93":{"start":{"line":223,"column":8},"end":{"line":227,"column":9}},"94":{"start":{"line":224,"column":10},"end":{"line":224,"column":54}},"95":{"start":{"line":225,"column":15},"end":{"line":227,"column":9}},"96":{"start":{"line":226,"column":10},"end":{"line":226,"column":66}},"97":{"start":{"line":228,"column":8},"end":{"line":232,"column":9}},"98":{"start":{"line":229,"column":10},"end":{"line":229,"column":63}},"99":{"start":{"line":230,"column":15},"end":{"line":232,"column":9}},"100":{"start":{"line":231,"column":10},"end":{"line":231,"column":78}},"101":{"start":{"line":233,"column":8},"end":{"line":233,"column":14}},"102":{"start":{"line":236,"column":4},"end":{"line":236,"column":25}},"103":{"start":{"line":237,"column":4},"end":{"line":237,"column":47}},"104":{"start":{"line":240,"column":21},"end":{"line":244,"column":3}},"105":{"start":{"line":241,"column":4},"end":{"line":243,"column":5}},"106":{"start":{"line":242,"column":6},"end":{"line":242,"column":38}},"107":{"start":{"line":246,"column":25},"end":{"line":248,"column":3}},"108":{"start":{"line":247,"column":4},"end":{"line":247,"column":36}},"109":{"start":{"line":250,"column":23},"end":{"line":343,"column":3}},"110":{"start":{"line":251,"column":4},"end":{"line":251,"column":23}},"111":{"start":{"line":254,"column":4},"end":{"line":254,"column":50}},"112":{"start":{"line":257,"column":4},"end":{"line":264,"column":5}},"113":{"start":{"line":258,"column":6},"end":{"line":262,"column":9}},"114":{"start":{"line":263,"column":6},"end":{"line":263,"column":13}},"115":{"start":{"line":266,"column":4},"end":{"line":266,"column":26}},"116":{"start":{"line":267,"column":4},"end":{"line":342,"column":5}},"117":{"start":{"line":268,"column":21},"end":{"line":268,"column":36}},"118":{"start":{"line":271,"column":6},"end":{"line":324,"column":7}},"119":{"start":{"line":272,"column":8},"end":{"line":272,"column":41}},"120":{"start":{"line":274,"column":8},"end":{"line":289,"column":9}},"121":{"start":{"line":275,"column":10},"end":{"line":278,"column":12}},"122":{"start":{"line":280,"column":10},"end":{"line":288,"column":12}},"123":{"start":{"line":291,"column":25},"end":{"line":291,"column":59}},"124":{"start":{"line":293,"column":8},"end":{"line":295,"column":9}},"125":{"start":{"line":294,"column":10},"end":{"line":294,"column":80}},"126":{"start":{"line":297,"column":8},"end":{"line":301,"column":11}},"127":{"start":{"line":303,"column":8},"end":{"line":311,"column":10}},"128":{"start":{"line":313,"column":25},"end":{"line":313,"column":60}},"129":{"start":{"line":315,"column":8},"end":{"line":317,"column":9}},"130":{"start":{"line":316,"column":10},"end":{"line":316,"column":80}},"131":{"start":{"line":319,"column":8},"end":{"line":323,"column":11}},"132":{"start":{"line":327,"column":8},"end":{"line":329,"column":15}},"133":{"start":{"line":328,"column":10},"end":{"line":328,"column":33}},"134":{"start":{"line":331,"column":6},"end":{"line":331,"column":57}},"135":{"start":{"line":332,"column":27},"end":{"line":334,"column":71}},"136":{"start":{"line":335,"column":6},"end":{"line":339,"column":9}},"137":{"start":{"line":341,"column":6},"end":{"line":341,"column":29}},"138":{"start":{"line":345,"column":28},"end":{"line":354,"column":3}},"139":{"start":{"line":346,"column":43},"end":{"line":346,"column":51}},"140":{"start":{"line":347,"column":4},"end":{"line":353,"column":8}},"141":{"start":{"line":347,"column":27},"end":{"line":353,"column":5}},"142":{"start":{"line":356,"column":27},"end":{"line":358,"column":3}},"143":{"start":{"line":357,"column":4},"end":{"line":357,"column":40}},"144":{"start":{"line":360,"column":2},"end":{"line":1018,"column":4}},"145":{"start":{"line":572,"column":18},"end":{"line":574,"column":25}},"146":{"start":{"line":633,"column":22},"end":{"line":635,"column":33}},"147":{"start":{"line":676,"column":30},"end":{"line":707,"column":33}},"148":{"start":{"line":759,"column":30},"end":{"line":761,"column":33}},"149":{"start":{"line":805,"column":30},"end":{"line":831,"column":33}}},"fnMap":{"0":{"name":"(anonymous_0)","decl":{"start":{"line":68,"column":21},"end":{"line":68,"column":22}},"loc":{"start":{"line":68,"column":27},"end":{"line":1019,"column":1}},"line":68},"1":{"name":"(anonymous_1)","decl":{"start":{"line":92,"column":12},"end":{"line":92,"column":13}},"loc":{"start":{"line":92,"column":18},"end":{"line":105,"column":3}},"line":92},"2":{"name":"(anonymous_2)","decl":{"start":{"line":93,"column":21},"end":{"line":93,"column":22}},"loc":{"start":{"line":93,"column":33},"end":{"line":103,"column":5}},"line":93},"3":{"name":"(anonymous_3)","decl":{"start":{"line":107,"column":32},"end":{"line":107,"column":33}},"loc":{"start":{"line":107,"column":38},"end":{"line":120,"column":3}},"line":107},"4":{"name":"(anonymous_4)","decl":{"start":{"line":119,"column":16},"end":{"line":119,"column":17}},"loc":{"start":{"line":119,"column":25},"end":{"line":119,"column":50}},"line":119},"5":{"name":"(anonymous_5)","decl":{"start":{"line":122,"column":24},"end":{"line":122,"column":25}},"loc":{"start":{"line":122,"column":36},"end":{"line":138,"column":3}},"line":122},"6":{"name":"(anonymous_6)","decl":{"start":{"line":140,"column":24},"end":{"line":140,"column":25}},"loc":{"start":{"line":140,"column":36},"end":{"line":181,"column":3}},"line":140},"7":{"name":"(anonymous_7)","decl":{"start":{"line":177,"column":17},"end":{"line":177,"column":18}},"loc":{"start":{"line":177,"column":23},"end":{"line":179,"column":7}},"line":177},"8":{"name":"(anonymous_8)","decl":{"start":{"line":183,"column":27},"end":{"line":183,"column":28}},"loc":{"start":{"line":183,"column":33},"end":{"line":206,"column":3}},"line":183},"9":{"name":"(anonymous_9)","decl":{"start":{"line":208,"column":23},"end":{"line":208,"column":24}},"loc":{"start":{"line":208,"column":33},"end":{"line":238,"column":3}},"line":208},"10":{"name":"(anonymous_10)","decl":{"start":{"line":240,"column":21},"end":{"line":240,"column":22}},"loc":{"start":{"line":240,"column":27},"end":{"line":244,"column":3}},"line":240},"11":{"name":"(anonymous_11)","decl":{"start":{"line":246,"column":25},"end":{"line":246,"column":26}},"loc":{"start":{"line":246,"column":31},"end":{"line":248,"column":3}},"line":246},"12":{"name":"(anonymous_12)","decl":{"start":{"line":250,"column":23},"end":{"line":250,"column":24}},"loc":{"start":{"line":250,"column":36},"end":{"line":343,"column":3}},"line":250},"13":{"name":"(anonymous_13)","decl":{"start":{"line":327,"column":19},"end":{"line":327,"column":20}},"loc":{"start":{"line":327,"column":25},"end":{"line":329,"column":7}},"line":327},"14":{"name":"(anonymous_14)","decl":{"start":{"line":345,"column":28},"end":{"line":345,"column":29}},"loc":{"start":{"line":345,"column":35},"end":{"line":354,"column":3}},"line":345},"15":{"name":"(anonymous_15)","decl":{"start":{"line":347,"column":16},"end":{"line":347,"column":17}},"loc":{"start":{"line":347,"column":27},"end":{"line":353,"column":5}},"line":347},"16":{"name":"(anonymous_16)","decl":{"start":{"line":356,"column":27},"end":{"line":356,"column":28}},"loc":{"start":{"line":356,"column":33},"end":{"line":358,"column":3}},"line":356},"17":{"name":"(anonymous_17)","decl":{"start":{"line":571,"column":27},"end":{"line":571,"column":28}},"loc":{"start":{"line":572,"column":18},"end":{"line":574,"column":25}},"line":572},"18":{"name":"(anonymous_18)","decl":{"start":{"line":632,"column":61},"end":{"line":632,"column":62}},"loc":{"start":{"line":633,"column":22},"end":{"line":635,"column":33}},"line":633},"19":{"name":"(anonymous_19)","decl":{"start":{"line":675,"column":42},"end":{"line":675,"column":43}},"loc":{"start":{"line":676,"column":30},"end":{"line":707,"column":33}},"line":676},"20":{"name":"(anonymous_20)","decl":{"start":{"line":758,"column":38},"end":{"line":758,"column":39}},"loc":{"start":{"line":758,"column":59},"end":{"line":762,"column":29}},"line":758},"21":{"name":"(anonymous_21)","decl":{"start":{"line":804,"column":47},"end":{"line":804,"column":48}},"loc":{"start":{"line":805,"column":30},"end":{"line":831,"column":33}},"line":805}},"branchMap":{"0":{"loc":{"start":{"line":94,"column":6},"end":{"line":96,"column":7}},"type":"if","locations":[{"start":{"line":94,"column":6},"end":{"line":96,"column":7}},{"start":{},"end":{}}],"line":94},"1":{"loc":{"start":{"line":97,"column":6},"end":{"line":102,"column":7}},"type":"if","locations":[{"start":{"line":97,"column":6},"end":{"line":102,"column":7}},{"start":{"line":100,"column":13},"end":{"line":102,"column":7}}],"line":97},"2":{"loc":{"start":{"line":113,"column":4},"end":{"line":117,"column":5}},"type":"if","locations":[{"start":{"line":113,"column":4},"end":{"line":117,"column":5}},{"start":{"line":115,"column":11},"end":{"line":117,"column":5}}],"line":113},"3":{"loc":{"start":{"line":125,"column":6},"end":{"line":129,"column":7}},"type":"if","locations":[{"start":{"line":125,"column":6},"end":{"line":129,"column":7}},{"start":{"line":127,"column":13},"end":{"line":129,"column":7}}],"line":125},"4":{"loc":{"start":{"line":125,"column":10},"end":{"line":125,"column":45}},"type":"binary-expr","locations":[{"start":{"line":125,"column":10},"end":{"line":125,"column":23}},{"start":{"line":125,"column":27},"end":{"line":125,"column":45}}],"line":125},"5":{"loc":{"start":{"line":133,"column":17},"end":{"line":133,"column":75}},"type":"binary-expr","locations":[{"start":{"line":133,"column":17},"end":{"line":133,"column":46}},{"start":{"line":133,"column":50},"end":{"line":133,"column":75}}],"line":133},"6":{"loc":{"start":{"line":143,"column":6},"end":{"line":145,"column":7}},"type":"if","locations":[{"start":{"line":143,"column":6},"end":{"line":145,"column":7}},{"start":{},"end":{}}],"line":143},"7":{"loc":{"start":{"line":150,"column":6},"end":{"line":152,"column":7}},"type":"if","locations":[{"start":{"line":150,"column":6},"end":{"line":152,"column":7}},{"start":{},"end":{}}],"line":150},"8":{"loc":{"start":{"line":150,"column":10},"end":{"line":150,"column":69}},"type":"binary-expr","locations":[{"start":{"line":150,"column":10},"end":{"line":150,"column":33}},{"start":{"line":150,"column":37},"end":{"line":150,"column":69}}],"line":150},"9":{"loc":{"start":{"line":153,"column":6},"end":{"line":155,"column":7}},"type":"if","locations":[{"start":{"line":153,"column":6},"end":{"line":155,"column":7}},{"start":{},"end":{}}],"line":153},"10":{"loc":{"start":{"line":153,"column":10},"end":{"line":153,"column":69}},"type":"binary-expr","locations":[{"start":{"line":153,"column":10},"end":{"line":153,"column":33}},{"start":{"line":153,"column":37},"end":{"line":153,"column":69}}],"line":153},"11":{"loc":{"start":{"line":165,"column":16},"end":{"line":165,"column":44}},"type":"binary-expr","locations":[{"start":{"line":165,"column":16},"end":{"line":165,"column":31}},{"start":{"line":165,"column":35},"end":{"line":165,"column":44}}],"line":165},"12":{"loc":{"start":{"line":166,"column":25},"end":{"line":166,"column":55}},"type":"binary-expr","locations":[{"start":{"line":166,"column":25},"end":{"line":166,"column":49}},{"start":{"line":166,"column":53},"end":{"line":166,"column":55}}],"line":166},"13":{"loc":{"start":{"line":173,"column":17},"end":{"line":173,"column":92}},"type":"binary-expr","locations":[{"start":{"line":173,"column":17},"end":{"line":173,"column":46}},{"start":{"line":173,"column":50},"end":{"line":173,"column":63}},{"start":{"line":173,"column":67},"end":{"line":173,"column":92}}],"line":173},"14":{"loc":{"start":{"line":187,"column":4},"end":{"line":187,"column":69}},"type":"if","locations":[{"start":{"line":187,"column":4},"end":{"line":187,"column":69}},{"start":{},"end":{}}],"line":187},"15":{"loc":{"start":{"line":188,"column":4},"end":{"line":188,"column":69}},"type":"if","locations":[{"start":{"line":188,"column":4},"end":{"line":188,"column":69}},{"start":{},"end":{}}],"line":188},"16":{"loc":{"start":{"line":189,"column":4},"end":{"line":191,"column":5}},"type":"if","locations":[{"start":{"line":189,"column":4},"end":{"line":191,"column":5}},{"start":{},"end":{}}],"line":189},"17":{"loc":{"start":{"line":189,"column":8},"end":{"line":189,"column":64}},"type":"binary-expr","locations":[{"start":{"line":189,"column":8},"end":{"line":189,"column":25}},{"start":{"line":189,"column":29},"end":{"line":189,"column":64}}],"line":189},"18":{"loc":{"start":{"line":192,"column":4},"end":{"line":192,"column":66}},"type":"if","locations":[{"start":{"line":192,"column":4},"end":{"line":192,"column":66}},{"start":{},"end":{}}],"line":192},"19":{"loc":{"start":{"line":193,"column":4},"end":{"line":193,"column":72}},"type":"if","locations":[{"start":{"line":193,"column":4},"end":{"line":193,"column":72}},{"start":{},"end":{}}],"line":193},"20":{"loc":{"start":{"line":194,"column":4},"end":{"line":194,"column":85}},"type":"if","locations":[{"start":{"line":194,"column":4},"end":{"line":194,"column":85}},{"start":{},"end":{}}],"line":194},"21":{"loc":{"start":{"line":197,"column":4},"end":{"line":202,"column":5}},"type":"if","locations":[{"start":{"line":197,"column":4},"end":{"line":202,"column":5}},{"start":{},"end":{}}],"line":197},"22":{"loc":{"start":{"line":197,"column":8},"end":{"line":197,"column":44}},"type":"binary-expr","locations":[{"start":{"line":197,"column":8},"end":{"line":197,"column":31}},{"start":{"line":197,"column":35},"end":{"line":197,"column":44}}],"line":197},"23":{"loc":{"start":{"line":198,"column":6},"end":{"line":198,"column":68}},"type":"if","locations":[{"start":{"line":198,"column":6},"end":{"line":198,"column":68}},{"start":{},"end":{}}],"line":198},"24":{"loc":{"start":{"line":199,"column":6},"end":{"line":201,"column":7}},"type":"if","locations":[{"start":{"line":199,"column":6},"end":{"line":201,"column":7}},{"start":{},"end":{}}],"line":199},"25":{"loc":{"start":{"line":199,"column":10},"end":{"line":199,"column":82}},"type":"binary-expr","locations":[{"start":{"line":199,"column":10},"end":{"line":199,"column":35}},{"start":{"line":199,"column":39},"end":{"line":199,"column":82}}],"line":199},"26":{"loc":{"start":{"line":211,"column":4},"end":{"line":234,"column":5}},"type":"switch","locations":[{"start":{"line":212,"column":6},"end":{"line":215,"column":14}},{"start":{"line":216,"column":6},"end":{"line":221,"column":14}},{"start":{"line":222,"column":6},"end":{"line":233,"column":14}}],"line":211},"27":{"loc":{"start":{"line":213,"column":8},"end":{"line":213,"column":73}},"type":"if","locations":[{"start":{"line":213,"column":8},"end":{"line":213,"column":73}},{"start":{},"end":{}}],"line":213},"28":{"loc":{"start":{"line":214,"column":8},"end":{"line":214,"column":73}},"type":"if","locations":[{"start":{"line":214,"column":8},"end":{"line":214,"column":73}},{"start":{},"end":{}}],"line":214},"29":{"loc":{"start":{"line":217,"column":8},"end":{"line":219,"column":9}},"type":"if","locations":[{"start":{"line":217,"column":8},"end":{"line":219,"column":9}},{"start":{},"end":{}}],"line":217},"30":{"loc":{"start":{"line":217,"column":12},"end":{"line":217,"column":68}},"type":"binary-expr","locations":[{"start":{"line":217,"column":12},"end":{"line":217,"column":29}},{"start":{"line":217,"column":33},"end":{"line":217,"column":68}}],"line":217},"31":{"loc":{"start":{"line":220,"column":8},"end":{"line":220,"column":70}},"type":"if","locations":[{"start":{"line":220,"column":8},"end":{"line":220,"column":70}},{"start":{},"end":{}}],"line":220},"32":{"loc":{"start":{"line":223,"column":8},"end":{"line":227,"column":9}},"type":"if","locations":[{"start":{"line":223,"column":8},"end":{"line":227,"column":9}},{"start":{"line":225,"column":15},"end":{"line":227,"column":9}}],"line":223},"33":{"loc":{"start":{"line":225,"column":15},"end":{"line":227,"column":9}},"type":"if","locations":[{"start":{"line":225,"column":15},"end":{"line":227,"column":9}},{"start":{},"end":{}}],"line":225},"34":{"loc":{"start":{"line":225,"column":19},"end":{"line":225,"column":65}},"type":"binary-expr","locations":[{"start":{"line":225,"column":19},"end":{"line":225,"column":40}},{"start":{"line":225,"column":44},"end":{"line":225,"column":65}}],"line":225},"35":{"loc":{"start":{"line":228,"column":8},"end":{"line":232,"column":9}},"type":"if","locations":[{"start":{"line":228,"column":8},"end":{"line":232,"column":9}},{"start":{"line":230,"column":15},"end":{"line":232,"column":9}}],"line":228},"36":{"loc":{"start":{"line":230,"column":15},"end":{"line":232,"column":9}},"type":"if","locations":[{"start":{"line":230,"column":15},"end":{"line":232,"column":9}},{"start":{},"end":{}}],"line":230},"37":{"loc":{"start":{"line":241,"column":4},"end":{"line":243,"column":5}},"type":"if","locations":[{"start":{"line":241,"column":4},"end":{"line":243,"column":5}},{"start":{},"end":{}}],"line":241},"38":{"loc":{"start":{"line":257,"column":4},"end":{"line":264,"column":5}},"type":"if","locations":[{"start":{"line":257,"column":4},"end":{"line":264,"column":5}},{"start":{},"end":{}}],"line":257},"39":{"loc":{"start":{"line":271,"column":6},"end":{"line":324,"column":7}},"type":"if","locations":[{"start":{"line":271,"column":6},"end":{"line":324,"column":7}},{"start":{"line":302,"column":13},"end":{"line":324,"column":7}}],"line":271},"40":{"loc":{"start":{"line":274,"column":8},"end":{"line":289,"column":9}},"type":"if","locations":[{"start":{"line":274,"column":8},"end":{"line":289,"column":9}},{"start":{"line":279,"column":15},"end":{"line":289,"column":9}}],"line":274},"41":{"loc":{"start":{"line":293,"column":8},"end":{"line":295,"column":9}},"type":"if","locations":[{"start":{"line":293,"column":8},"end":{"line":295,"column":9}},{"start":{},"end":{}}],"line":293},"42":{"loc":{"start":{"line":294,"column":26},"end":{"line":294,"column":78}},"type":"binary-expr","locations":[{"start":{"line":294,"column":26},"end":{"line":294,"column":47}},{"start":{"line":294,"column":51},"end":{"line":294,"column":78}}],"line":294},"43":{"loc":{"start":{"line":315,"column":8},"end":{"line":317,"column":9}},"type":"if","locations":[{"start":{"line":315,"column":8},"end":{"line":317,"column":9}},{"start":{},"end":{}}],"line":315},"44":{"loc":{"start":{"line":316,"column":26},"end":{"line":316,"column":78}},"type":"binary-expr","locations":[{"start":{"line":316,"column":26},"end":{"line":316,"column":47}},{"start":{"line":316,"column":51},"end":{"line":316,"column":78}}],"line":316},"45":{"loc":{"start":{"line":332,"column":27},"end":{"line":334,"column":71}},"type":"binary-expr","locations":[{"start":{"line":332,"column":27},"end":{"line":332,"column":56}},{"start":{"line":333,"column":26},"end":{"line":333,"column":39}},{"start":{"line":334,"column":26},"end":{"line":334,"column":71}}],"line":332},"46":{"loc":{"start":{"line":349,"column":14},"end":{"line":352,"column":19}},"type":"cond-expr","locations":[{"start":{"line":349,"column":36},"end":{"line":349,"column":43}},{"start":{"line":350,"column":14},"end":{"line":352,"column":19}}],"line":349},"47":{"loc":{"start":{"line":350,"column":14},"end":{"line":352,"column":19}},"type":"cond-expr","locations":[{"start":{"line":350,"column":36},"end":{"line":350,"column":55}},{"start":{"line":351,"column":14},"end":{"line":352,"column":19}}],"line":350},"48":{"loc":{"start":{"line":351,"column":14},"end":{"line":352,"column":19}},"type":"cond-expr","locations":[{"start":{"line":351,"column":34},"end":{"line":351,"column":53}},{"start":{"line":352,"column":14},"end":{"line":352,"column":19}}],"line":351},"49":{"loc":{"start":{"line":380,"column":11},"end":{"line":380,"column":58}},"type":"cond-expr","locations":[{"start":{"line":380,"column":23},"end":{"line":380,"column":38}},{"start":{"line":380,"column":41},"end":{"line":380,"column":58}}],"line":380},"50":{"loc":{"start":{"line":383,"column":9},"end":{"line":966,"column":9}},"type":"cond-expr","locations":[{"start":{"line":384,"column":10},"end":{"line":555,"column":24}},{"start":{"line":557,"column":10},"end":{"line":965,"column":13}}],"line":383},"51":{"loc":{"start":{"line":383,"column":9},"end":{"line":383,"column":45}},"type":"binary-expr","locations":[{"start":{"line":383,"column":9},"end":{"line":383,"column":32}},{"start":{"line":383,"column":36},"end":{"line":383,"column":45}}],"line":383},"52":{"loc":{"start":{"line":394,"column":26},"end":{"line":396,"column":105}},"type":"cond-expr","locations":[{"start":{"line":395,"column":18},"end":{"line":395,"column":99}},{"start":{"line":396,"column":18},"end":{"line":396,"column":105}}],"line":394},"53":{"loc":{"start":{"line":399,"column":27},"end":{"line":401,"column":39}},"type":"cond-expr","locations":[{"start":{"line":400,"column":18},"end":{"line":400,"column":44}},{"start":{"line":401,"column":18},"end":{"line":401,"column":39}}],"line":399},"54":{"loc":{"start":{"line":402,"column":25},"end":{"line":404,"column":54}},"type":"cond-expr","locations":[{"start":{"line":403,"column":18},"end":{"line":403,"column":49}},{"start":{"line":404,"column":18},"end":{"line":404,"column":54}}],"line":402},"55":{"loc":{"start":{"line":425,"column":25},"end":{"line":425,"column":106}},"type":"cond-expr","locations":[{"start":{"line":425,"column":57},"end":{"line":425,"column":83}},{"start":{"line":425,"column":86},"end":{"line":425,"column":106}}],"line":425},"56":{"loc":{"start":{"line":439,"column":35},"end":{"line":439,"column":118}},"type":"cond-expr","locations":[{"start":{"line":439,"column":67},"end":{"line":439,"column":94}},{"start":{"line":439,"column":97},"end":{"line":439,"column":118}}],"line":439},"57":{"loc":{"start":{"line":474,"column":17},"end":{"line":476,"column":17}},"type":"binary-expr","locations":[{"start":{"line":474,"column":17},"end":{"line":474,"column":30}},{"start":{"line":475,"column":18},"end":{"line":475,"column":72}}],"line":474},"58":{"loc":{"start":{"line":482,"column":25},"end":{"line":482,"column":108}},"type":"cond-expr","locations":[{"start":{"line":482,"column":57},"end":{"line":482,"column":84}},{"start":{"line":482,"column":87},"end":{"line":482,"column":108}}],"line":482},"59":{"loc":{"start":{"line":484,"column":29},"end":{"line":484,"column":111}},"type":"cond-expr","locations":[{"start":{"line":484,"column":61},"end":{"line":484,"column":87}},{"start":{"line":484,"column":90},"end":{"line":484,"column":111}}],"line":484},"60":{"loc":{"start":{"line":488,"column":25},"end":{"line":488,"column":106}},"type":"cond-expr","locations":[{"start":{"line":488,"column":57},"end":{"line":488,"column":83}},{"start":{"line":488,"column":86},"end":{"line":488,"column":106}}],"line":488},"61":{"loc":{"start":{"line":509,"column":39},"end":{"line":509,"column":122}},"type":"cond-expr","locations":[{"start":{"line":509,"column":71},"end":{"line":509,"column":98}},{"start":{"line":509,"column":101},"end":{"line":509,"column":122}}],"line":509},"62":{"loc":{"start":{"line":539,"column":32},"end":{"line":541,"column":45}},"type":"cond-expr","locations":[{"start":{"line":540,"column":24},"end":{"line":540,"column":51}},{"start":{"line":541,"column":24},"end":{"line":541,"column":45}}],"line":539},"63":{"loc":{"start":{"line":545,"column":17},"end":{"line":552,"column":17}},"type":"cond-expr","locations":[{"start":{"line":546,"column":18},"end":{"line":549,"column":24}},{"start":{"line":551,"column":18},"end":{"line":551,"column":44}}],"line":545},"64":{"loc":{"start":{"line":566,"column":25},"end":{"line":566,"column":105}},"type":"cond-expr","locations":[{"start":{"line":566,"column":57},"end":{"line":566,"column":84}},{"start":{"line":566,"column":87},"end":{"line":566,"column":105}}],"line":566},"65":{"loc":{"start":{"line":580,"column":19},"end":{"line":603,"column":19}},"type":"binary-expr","locations":[{"start":{"line":580,"column":19},"end":{"line":580,"column":24}},{"start":{"line":581,"column":20},"end":{"line":602,"column":33}}],"line":580},"66":{"loc":{"start":{"line":614,"column":13},"end":{"line":715,"column":13}},"type":"binary-expr","locations":[{"start":{"line":614,"column":13},"end":{"line":614,"column":30}},{"start":{"line":615,"column":14},"end":{"line":714,"column":22}}],"line":614},"67":{"loc":{"start":{"line":628,"column":45},"end":{"line":628,"column":128}},"type":"cond-expr","locations":[{"start":{"line":628,"column":77},"end":{"line":628,"column":104}},{"start":{"line":628,"column":107},"end":{"line":628,"column":128}}],"line":628},"68":{"loc":{"start":{"line":632,"column":21},"end":{"line":636,"column":22}},"type":"binary-expr","locations":[{"start":{"line":632,"column":21},"end":{"line":632,"column":44}},{"start":{"line":632,"column":48},"end":{"line":636,"column":22}}],"line":632},"69":{"loc":{"start":{"line":638,"column":19},"end":{"line":638,"column":86}},"type":"binary-expr","locations":[{"start":{"line":638,"column":19},"end":{"line":638,"column":33}},{"start":{"line":638,"column":37},"end":{"line":638,"column":86}}],"line":638},"70":{"loc":{"start":{"line":655,"column":45},"end":{"line":655,"column":128}},"type":"cond-expr","locations":[{"start":{"line":655,"column":77},"end":{"line":655,"column":104}},{"start":{"line":655,"column":107},"end":{"line":655,"column":128}}],"line":655},"71":{"loc":{"start":{"line":683,"column":45},"end":{"line":685,"column":66}},"type":"cond-expr","locations":[{"start":{"line":684,"column":40},"end":{"line":684,"column":67}},{"start":{"line":685,"column":40},"end":{"line":685,"column":66}}],"line":683},"72":{"loc":{"start":{"line":698,"column":47},"end":{"line":700,"column":68}},"type":"cond-expr","locations":[{"start":{"line":699,"column":42},"end":{"line":699,"column":69}},{"start":{"line":700,"column":42},"end":{"line":700,"column":68}}],"line":698},"73":{"loc":{"start":{"line":710,"column":27},"end":{"line":712,"column":27}},"type":"binary-expr","locations":[{"start":{"line":710,"column":27},"end":{"line":710,"column":41}},{"start":{"line":711,"column":28},"end":{"line":711,"column":83}}],"line":710},"74":{"loc":{"start":{"line":717,"column":13},"end":{"line":776,"column":13}},"type":"binary-expr","locations":[{"start":{"line":717,"column":13},"end":{"line":717,"column":30}},{"start":{"line":718,"column":22},"end":{"line":775,"column":22}}],"line":717},"75":{"loc":{"start":{"line":741,"column":51},"end":{"line":743,"column":64}},"type":"cond-expr","locations":[{"start":{"line":742,"column":38},"end":{"line":742,"column":65}},{"start":{"line":743,"column":38},"end":{"line":743,"column":64}}],"line":741},"76":{"loc":{"start":{"line":778,"column":13},"end":{"line":879,"column":13}},"type":"binary-expr","locations":[{"start":{"line":778,"column":13},"end":{"line":778,"column":30}},{"start":{"line":779,"column":14},"end":{"line":878,"column":22}}],"line":778},"77":{"loc":{"start":{"line":794,"column":45},"end":{"line":794,"column":128}},"type":"cond-expr","locations":[{"start":{"line":794,"column":77},"end":{"line":794,"column":104}},{"start":{"line":794,"column":107},"end":{"line":794,"column":128}}],"line":794},"78":{"loc":{"start":{"line":834,"column":27},"end":{"line":836,"column":27}},"type":"binary-expr","locations":[{"start":{"line":834,"column":27},"end":{"line":834,"column":42}},{"start":{"line":835,"column":28},"end":{"line":835,"column":84}}],"line":834},"79":{"loc":{"start":{"line":891,"column":15},"end":{"line":910,"column":15}},"type":"binary-expr","locations":[{"start":{"line":891,"column":15},"end":{"line":891,"column":30}},{"start":{"line":892,"column":20},"end":{"line":909,"column":25}}],"line":891},"80":{"loc":{"start":{"line":899,"column":37},"end":{"line":899,"column":120}},"type":"cond-expr","locations":[{"start":{"line":899,"column":69},"end":{"line":899,"column":96}},{"start":{"line":899,"column":99},"end":{"line":899,"column":120}}],"line":899},"81":{"loc":{"start":{"line":902,"column":43},"end":{"line":904,"column":56}},"type":"cond-expr","locations":[{"start":{"line":903,"column":30},"end":{"line":903,"column":57}},{"start":{"line":904,"column":30},"end":{"line":904,"column":56}}],"line":902},"82":{"loc":{"start":{"line":912,"column":15},"end":{"line":961,"column":15}},"type":"cond-expr","locations":[{"start":{"line":913,"column":16},"end":{"line":931,"column":25}},{"start":{"line":933,"column":16},"end":{"line":960,"column":25}}],"line":912},"83":{"loc":{"start":{"line":952,"column":23},"end":{"line":959,"column":23}},"type":"cond-expr","locations":[{"start":{"line":953,"column":24},"end":{"line":956,"column":30}},{"start":{"line":958,"column":24},"end":{"line":958,"column":73}}],"line":952},"84":{"loc":{"start":{"line":958,"column":24},"end":{"line":958,"column":73}},"type":"cond-expr","locations":[{"start":{"line":958,"column":36},"end":{"line":958,"column":53}},{"start":{"line":958,"column":56},"end":{"line":958,"column":73}}],"line":958},"85":{"loc":{"start":{"line":999,"column":18},"end":{"line":1001,"column":15}},"type":"binary-expr","locations":[{"start":{"line":999,"column":18},"end":{"line":999,"column":46}},{"start":{"line":999,"column":50},"end":{"line":1001,"column":15}}],"line":999},"86":{"loc":{"start":{"line":1002,"column":18},"end":{"line":1004,"column":15}},"type":"binary-expr","locations":[{"start":{"line":1002,"column":18},"end":{"line":1002,"column":44}},{"start":{"line":1002,"column":48},"end":{"line":1004,"column":15}}],"line":1002},"87":{"loc":{"start":{"line":1005,"column":18},"end":{"line":1007,"column":15}},"type":"binary-expr","locations":[{"start":{"line":1005,"column":18},"end":{"line":1005,"column":46}},{"start":{"line":1005,"column":50},"end":{"line":1007,"column":15}}],"line":1005},"88":{"loc":{"start":{"line":1008,"column":18},"end":{"line":1010,"column":15}},"type":"binary-expr","locations":[{"start":{"line":1008,"column":18},"end":{"line":1008,"column":43}},{"start":{"line":1008,"column":47},"end":{"line":1010,"column":15}}],"line":1008}},"s":{"0":0,"1":0,"2":0,"3":0,"4":0,"5":0,"6":0,"7":0,"8":0,"9":0,"10":0,"11":0,"12":0,"13":0,"14":0,"15":0,"16":0,"17":0,"18":0,"19":0,"20":0,"21":0,"22":0,"23":0,"24":0,"25":0,"26":0,"27":0,"28":0,"29":0,"30":0,"31":0,"32":0,"33":0,"34":0,"35":0,"36":0,"37":0,"38":0,"39":0,"40":0,"41":0,"42":0,"43":0,"44":0,"45":0,"46":0,"47":0,"48":0,"49":0,"50":0,"51":0,"52":0,"53":0,"54":0,"55":0,"56":0,"57":0,"58":0,"59":0,"60":0,"61":0,"62":0,"63":0,"64":0,"65":0,"66":0,"67":0,"68":0,"69":0,"70":0,"71":0,"72":0,"73":0,"74":0,"75":0,"76":0,"77":0,"78":0,"79":0,"80":0,"81":0,"82":0,"83":0,"84":0,"85":0,"86":0,"87":0,"88":0,"89":0,"90":0,"91":0,"92":0,"93":0,"94":0,"95":0,"96":0,"97":0,"98":0,"99":0,"100":0,"101":0,"102":0,"103":0,"104":0,"105":0,"106":0,"107":0,"108":0,"109":0,"110":0,"111":0,"112":0,"113":0,"114":0,"115":0,"116":0,"117":0,"118":0,"119":0,"120":0,"121":0,"122":0,"123":0,"124":0,"125":0,"126":0,"127":0,"128":0,"129":0,"130":0,"131":0,"132":0,"133":0,"134":0,"135":0,"136":0,"137":0,"138":0,"139":0,"140":0,"141":0,"142":0,"143":0,"144":0,"145":0,"146":0,"147":0,"148":0,"149":0},"f":{"0":0,"1":0,"2":0,"3":0,"4":0,"5":0,"6":0,"7":0,"8":0,"9":0,"10":0,"11":0,"12":0,"13":0,"14":0,"15":0,"16":0,"17":0,"18":0,"19":0,"20":0,"21":0},"b":{"0":[0,0],"1":[0,0],"2":[0,0],"3":[0,0],"4":[0,0],"5":[0,0],"6":[0,0],"7":[0,0],"8":[0,0],"9":[0,0],"10":[0,0],"11":[0,0],"12":[0,0],"13":[0,0,0],"14":[0,0],"15":[0,0],"16":[0,0],"17":[0,0],"18":[0,0],"19":[0,0],"20":[0,0],"21":[0,0],"22":[0,0],"23":[0,0],"24":[0,0],"25":[0,0],"26":[0,0,0],"27":[0,0],"28":[0,0],"29":[0,0],"30":[0,0],"31":[0,0],"32":[0,0],"33":[0,0],"34":[0,0],"35":[0,0],"36":[0,0],"37":[0,0],"38":[0,0],"39":[0,0],"40":[0,0],"41":[0,0],"42":[0,0],"43":[0,0],"44":[0,0],"45":[0,0,0],"46":[0,0],"47":[0,0],"48":[0,0],"49":[0,0],"50":[0,0],"51":[0,0],"52":[0,0],"53":[0,0],"54":[0,0],"55":[0,0],"56":[0,0],"57":[0,0],"58":[0,0],"59":[0,0],"60":[0,0],"61":[0,0],"62":[0,0],"63":[0,0],"64":[0,0],"65":[0,0],"66":[0,0],"67":[0,0],"68":[0,0],"69":[0,0],"70":[0,0],"71":[0,0],"72":[0,0],"73":[0,0],"74":[0,0],"75":[0,0],"76":[0,0],"77":[0,0],"78":[0,0],"79":[0,0],"80":[0,0],"81":[0,0],"82":[0,0],"83":[0,0],"84":[0,0],"85":[0,0],"86":[0,0],"87":[0,0],"88":[0,0]}}
,"C:\\student-feedback-devops\\frontend\\src\\components\\Layout.js": {"path":"C:\\student-feedback-devops\\frontend\\src\\components\\Layout.js","statementMap":{"0":{"start":{"line":41,"column":21},"end":{"line":41,"column":24}},"1":{"start":{"line":42,"column":22},"end":{"line":42,"column":24}},"2":{"start":{"line":45,"column":27},"end":{"line":45,"column":36}},"3":{"start":{"line":46,"column":19},"end":{"line":46,"column":32}},"4":{"start":{"line":47,"column":42},"end":{"line":47,"column":57}},"5":{"start":{"line":48,"column":16},"end":{"line":48,"column":26}},"6":{"start":{"line":49,"column":32},"end":{"line":49,"column":48}},"7":{"start":{"line":51,"column":29},"end":{"line":53,"column":3}},"8":{"start":{"line":52,"column":4},"end":{"line":52,"column":35}},"9":{"start":{"line":55,"column":23},"end":{"line":58,"column":3}},"10":{"start":{"line":56,"column":4},"end":{"line":56,"column":13}},"11":{"start":{"line":57,"column":4},"end":{"line":57,"column":23}},"12":{"start":{"line":60,"column":20},"end":{"line":91,"column":3}},"13":{"start":{"line":94,"column":4},"end":{"line":234,"column":10}},"14":{"start":{"line":150,"column":28},"end":{"line":150,"column":59}},"15":{"start":{"line":152,"column":12},"end":{"line":198,"column":19}},"16":{"start":{"line":237,"column":2},"end":{"line":351,"column":4}}},"fnMap":{"0":{"name":"Layout","decl":{"start":{"line":44,"column":9},"end":{"line":44,"column":15}},"loc":{"start":{"line":44,"column":30},"end":{"line":352,"column":1}},"line":44},"1":{"name":"(anonymous_1)","decl":{"start":{"line":51,"column":29},"end":{"line":51,"column":30}},"loc":{"start":{"line":51,"column":35},"end":{"line":53,"column":3}},"line":51},"2":{"name":"(anonymous_2)","decl":{"start":{"line":55,"column":23},"end":{"line":55,"column":24}},"loc":{"start":{"line":55,"column":29},"end":{"line":58,"column":3}},"line":55},"3":{"name":"(anonymous_3)","decl":{"start":{"line":150,"column":18},"end":{"line":150,"column":19}},"loc":{"start":{"line":150,"column":28},"end":{"line":150,"column":59}},"line":150},"4":{"name":"(anonymous_4)","decl":{"start":{"line":151,"column":15},"end":{"line":151,"column":16}},"loc":{"start":{"line":152,"column":12},"end
[...]
tions":[{"start":{"line":173,"column":14},"end":{"line":173,"column":105}},{"start":{"line":174,"column":14},"end":{"line":174,"column":105}}],"line":172},"20":{"loc":{"start":{"line":218,"column":26},"end":{"line":220,"column":103}},"type":"cond-expr","locations":[{"start":{"line":219,"column":18},"end":{"line":219,"column":97}},{"start":{"line":220,"column":18},"end":{"line":220,"column":103}}],"line":218},"21":{"loc":{"start":{"line":223,"column":27},"end":{"line":225,"column":44}},"type":"cond-expr","locations":[{"start":{"line":224,"column":18},"end":{"line":224,"column":44}},{"start":{"line":225,"column":18},"end":{"line":225,"column":44}}],"line":223},"22":{"loc":{"start":{"line":226,"column":25},"end":{"line":228,"column":53}},"type":"cond-expr","locations":[{"start":{"line":227,"column":18},"end":{"line":227,"column":49}},{"start":{"line":228,"column":18},"end":{"line":228,"column":53}}],"line":226},"23":{"loc":{"start":{"line":269,"column":11},"end":{"line":292,"column":11}},"type":"binary-expr","locations":[{"start":{"line":269,"column":11},"end":{"line":269,"column":16}},{"start":{"line":270,"column":18},"end":{"line":291,"column":31}}],"line":269},"24":{"loc":{"start":{"line":415,"column":22},"end":{"line":415,"column":56}},"type":"cond-expr","locations":[{"start":{"line":415,"column":37},"end":{"line":415,"column":43}},{"start":{"line":415,"column":46},"end":{"line":415,"column":56}}],"line":415},"25":{"loc":{"start":{"line":433,"column":29},"end":{"line":433,"column":78}},"type":"cond-expr","locations":[{"start":{"line":433,"column":44},"end":{"line":433,"column":61}},{"start":{"line":433,"column":64},"end":{"line":433,"column":78}}],"line":433},"26":{"loc":{"start":{"line":456,"column":22},"end":{"line":456,"column":63}},"type":"cond-expr","locations":[{"start":{"line":456,"column":44},"end":{"line":456,"column":50}},{"start":{"line":456,"column":53},"end":{"line":456,"column":63}}],"line":456},"27":{"loc":{"start":{"line":473,"column":29},"end":{"line":473,"column":85}},"type":"cond-expr","locations":[{"start":{"line":473,"column":51},"end":{"line":473,"column":68}},{"start":{"line":473,"column":71},"end":{"line":473,"column":85}}],"line":473},"28":{"loc":{"start":{"line":525,"column":13},"end":{"line":592,"column":13}},"type":"binary-expr","locations":[{"start":{"line":525,"column":13},"end":{"line":525,"column":31}},{"start":{"line":526,"column":14},"end":{"line":591,"column":17}}],"line":525},"29":{"loc":{"start":{"line":594,"column":13},"end":{"line":631,"column":13}},"type":"binary-expr","locations":[{"start":{"line":594,"column":13},"end":{"line":594,"column":31}},{"start":{"line":595,"column":14},"end":{"line":630,"column":21}}],"line":594},"30":{"loc":{"start":{"line":658,"column":17},"end":{"line":665,"column":17}},"type":"cond-expr","locations":[{"start":{"line":659,"column":18},"end":{"line":662,"column":24}},{"start":{"line":664,"column":18},"end":{"line":664,"column":34}}],"line":658}},"s":{"0":0,"1":0,"2":0,"3":0,"4":0,"5":0,"6":0,"7":0,"8":0,"9":0,"10":0,"11":0,"12":0,"13":0,"14":0,"15":0,"16":0,"17":0,"18":0,"19":0,"20":0,"21":0,"22":0,"23":0,"24":0,"25":0,"26":0,"27":0,"28":0,"29":0,"30":0,"31":0,"32":0,"33":0,"34":0,"35":0,"36":0,"37":0,"38":0,"39":0,"40":0,"41":0,"42":0,"43":0,"44":0,"45":0,"46":0,"47":0,"48":0,"49":0,"50":0,"51":0,"52":0,"53":0,"54":0,"55":0,"56":0,"57":0,"58":0,"59":0,"60":0,"61":0,"62":0},"f":{"0":0,"1":0,"2":0,"3":0,"4":0,"5":0,"6":0},"b":{"0":[0,0],"1":[0,0],"2":[0,0],"3":[0,0],"4":[0,0],"5":[0,0],"6":[0,0],"7":[0,0],"8":[0,0],"9":[0,0],"10":[0,0],"11":[0,0],"12":[0,0],"13":[0,0],"14":[0,0,0],"15":[0,0],"16":[0,0],"17":[0,0],"18":[0,0],"19":[0,0],"20":[0,0],"21":[0,0],"22":[0,0],"23":[0,0],"24":[0,0],"25":[0,0],"26":[0,0],"27":[0,0],"28":[0,0],"29":[0,0],"30":[0,0]}}
,"C:\\student-feedback-devops\\frontend\\src\\context\\AuthContext.js": {"path":"C:\\student-feedback-devops\\frontend\\src\\context\\AuthContext.js","statementMap":{"0":{"start":{"line":6,"column":0},"end":{"line":6,"column":49}},"1":{"start":{"line":8,"column":20},"end":{"line":8,"column":39}},"2":{"start":{"line":10,"column":23},"end":{"line":16,"column":1}},"3":{"start":{"line":11,"column":18},"end":{"line":11,"column":41}},"4":{"start":{"line":12,"column":2},"end":{"line":14,"column":3}},"5":{"start":{"line":13,"column":4},"end":{"line":13,"column":67}},"6":{"start":{"line":15,"column":2},"end":{"line":15,"column":17}},"7":{"start":{"line":18,"column":28},"end":{"line":157,"column":1}},"8":{"start":{"line":19,"column":26},"end":{"line":19,"column":40}},"9":{"start":{"line":20,"column":32},"end":{"line":20,"column":46}},"10":{"start":{"line":21,"column":19},"end":{"line":21,"column":32}},"11":{"start":{"line":23,"column":2},"end":{"line":25,"column":9}},"12":{"start":{"line":24,"column":4},"end":{"line":24,"column":16}},"13":{"start":{"line":27,"column":20},"end":{"line":45,"column":3}},"14":{"start":{"line":28,"column":4},"end":{"line":44,"column":5}},"15":{"start":{"line":29,"column":20},"end":{"line":29,"column":49}},"16":{"start":{"line":30,"column":6},"end":{"line":38,"column":7}},"17":{"start":{"line":31,"column":8},"end":{"line":31,"column":75}},"18":{"start":{"line":32,"column":25},"end":{"line":32,"column":56}},"19":{"start":{"line":33,"column":8},"end":{"line":37,"column":9}},"20":{"start":{"line":34,"column":10},"end":{"line":34,"column":38}},"21":{"start":{"line":36,"column":10},"end":{"line":36,"column":25}},"22":{"start":{"line":40,"column":6},"end":{"line":40,"column":21}},"23":{"start":{"line":41,"column":6},"end":{"line":41,"column":51}},"24":{"start":{"line":43,"column":6},"end":{"line":43,"column":24}},"25":{"start":{"line":47,"column":23},"end":{"line":51,"column":3}},"26":{"start":{"line":48,"column":4},"end":{"line":48,"column":37}},"27":{"start":{"line":49,"column":4},"end":{"line":49,"column":58}},"28":{"start":{"line":50,"column":4},"end":{"line":50,"column":18}},"29":{"start":{"line":53,"column":16},"end":{"line":70,"column":3}},"30":{"start":{"line":54,"column":4},"end":{"line":69,"column":5}},"31":{"start":{"line":55,"column":23},"end":{"line":55,"column":79}},"32":{"start":{"line":57,"column":6},"end":{"line":59,"column":7}},"33":{"start":{"line":58,"column":8},"end":{"line":58,"column":65}},"34":{"start":{"line":61,"column":30},"end":{"line":61,"column":43}},"35":{"start":{"line":62,"column":6},"end":{"line":62,"column":43}},"36":{"start":{"line":63,"column":6},"end":{"line":63,"column":73}},"37":{"start":{"line":64,"column":6},"end":{"line":64,"column":20}},"38":{"start":{"line":65,"column":6},"end":{"line":65,"column":31}},"39":{"start":{"line":67,"column":27},"end":{"line":67,"column":123}},"40":{"start":{"line":68,"column":6},"end":{"line":68,"column":36}},"41":{"start":{"line":72,"column":19},"end":{"line":120,"column":3}},"42":{"start":{"line":73,"column":4},"end":{"line":119,"column":5}},"43":{"start":{"line":75,"column":29},"end":{"line":75,"column":95}},"44":{"start":{"line":76,"column":28},"end":{"line":76,"column":76}},"45":{"start":{"line":76,"column":59},"end":{"line":76,"column":75}},"46":{"start":{"line":78,"column":6},"end":{"line":80,"column":7}},"47":{"start":{"line":79,"column":8},"end":{"line":79,"column":80}},"48":{"start":{"line":83,"column":6},"end":{"line":91,"column":7}},"49":{"start":{"line":84,"column":8},"end":{"line":86,"column":9}},"50":{"start":{"line":85,"column":10},"end":{"line":85,"column":84}},"51":{"start":{"line":87,"column":13},"end":{"line":91,"column":7}},"52":{"start":{"line":88,"column":8},"end":{"line":90,"column":9}},"53":{"start":{"line":89,"column":10},"end":{"line":89,"column":65}},"54":{"start":{"line":94,"column":6},"end":{"line":98,"column":9}},"55":{"start":{"line":100,"column":23},"end":{"line":100,"column":71}},"56":{"start":{"line":102,"column":6},"end":{"line":104,"column":7}},"57":{"start":{"line":103,"column":8},"end":{"line":103,"column":95}},"58":{"start":{"line":106,"column":30},"end":{"line":106,"column":43}},"59":{"start":{"line":107,"column":6},"end":{"line":107,"column":43}},"60":{"start":{"line":108,"column":6},"end":{"line":108,"column":73}},"61":{"start":{"line":109,"column":6},"end":{"line":109,"column":20}},"62":{"start":{"line":110,"column":6},"end":{"line":110,"column":31}},"63":{"start":{"line":112,"column":6},"end":{"line":116,"column":9}},"64":{"start":{"line":117,"column":27},"end":{"line":117,"column":148}},"65":{"start":{"line":118,"column":6},"end":{"line":118,"column":36}},"66":{"start":{"line":122,"column":17},"end":{"line":125,"column":3}},"67":{"start":{"line":123,"column":4},"end":{"line":123,"column":19}},"68":{"start":{"line":124,"column":4},"end":{"line":124,"column":23}},"69":{"start":{"line":127,"column":21},"end":{"line":141,"column":3}},"70":{"start":{"line":128,"column":4},"end":{"line":140,"column":5}},"71":{"start":{"line":129,"column":23},"end":{"line":129,"column":76}},"72":{"start":{"line":131,"column":6},"end":{"line":133,"column":7}},"73":{"start":{"line":132,"column":8},"end":{"line":132,"column":77}},"74":{"start":{"line":135,"column":6},"end":{"line":135,"column":34}},"75":{"start":{"line":136,"column":6},"end":{"line":136,"column":31}},"76":{"start":{"line":138,"column":27},"end":{"line":138,"column":103}},"77":{"start":{"line":139,"column":6},"end":{"line":139,"column":36}},"78":{"start":{"line":143,"column":16},"end":{"line":150,"column":3}},"79":{"start":{"line":152,"column":2},"end":{"line":156,"column":4}}},"fnMap":{"0":{"name":"(anonymous_0)","decl":{"start":{"line":10,"column":23},"end":{"line":10,"column":24}},"loc":{"start":{"line":10,"column":29},"end":{"line":16,"column":1}},"line":10},"1":{"name":"(anonymous_1)","decl":{"start":{"line":18,"column":28},"end":{"line":18,"column":29}},"loc":{"start":{"line":18,"column":46},"end":{"line":157,"column":1}},"line":18},"2":{"name":"(anonymous_2)","decl":{"start":{"line":23,"column":12},"end":{"line":23,"column":13}},"loc":{"start":{"line":23,"column":18},"end":{"line":25,"column":3}},"line":23},"3":{"name":"(anonymous_3)","decl":{"start":{"line":27,"column":20},"end":{"line":27,"column":21}},"loc":{"start":{"line":27,"column":32},"end":{"line":45,"column":3}},"line":27},"4":{"name":"(anonymous_4)","decl":{"start":{"line":47,"column":23},"end":{"line":47,"column":24}},"loc":{"start":{"line":47,"column":29},"end":{"line":51,"column":3}},"line":47},"5":{"name":"(anonymous_5)","decl":{"start":{"line":53,"column":16},"end":{"line":53,"column":17}},"loc":{"start":{"line":53,"column":43},"end":{"line":70,"column":3}},"line":53},"6":{"name":"(anonymous_6)","decl":{"start":{"line":72,"column":19},"end":{"line":72,"column":20}},"loc":{"start":{"line":72,"column":39},"end":{"line":120,"column":3}},"line":72},"7":{"name":"(anonymous_7)","decl":{"start":{"line":76,"column":50},"end":{"line":76,"column":51}},"loc":{"start":{"line":76,"column":59},"end":{"line":76,"column":75}},"line":76},"8":{"name":"(anonymous_8)","decl":{"start":{"line":122,"column":17},"end":{"line":122,"column":18}},"loc":{"start":{"line":122,"column":23},"end":{"line":125,"column":3}},"line":122},"9":{"name":"(anonymous_9)","decl":{"start":{"line":127,"column":21},"end":{"line":127,"column":22}},"loc":{"start":{"line":127,"column":41},"end":{"line":141,"column":3}},"line":127}},"branchMap":{"0":{"loc":{"start":{"line":12,"column":2},"end":{"line":14,"column":3}},"type":"if","locations":[{"start":{"line":12,"column":2},"end":{"line":14,"column":3}},{"start":{},"end":{}}],"line":12},"1":{"loc":{"start":{"line":30,"column":6},"end":{"line":38,"column":7}},"type":"if","locations":[{"start":{"line":30,"column":6},"end":{"line":38,"column":7}},{"start":{},"end":{}}],"line":30},"2":{"loc":{"start":{"line":33,"column":8},"end":{"line":37,"column":9}},"type":"if","locations":[{"start":{"line":33,"column":8},"end":{"line":37,"column":9}},{"start":{"line":35,"column":15},"end":{"line":37,"column":9}}],"line":33},"3":{"loc":{"start":{"line":57,"column":6},"end":{"line":59,"column":7}},"type":"if","locations":[{"start":{"line":57,"column":6},"end":{"line":59,"column":7}},{"start":{},"end":{}}],"line":57},"4":{"loc":{"start":{"line":58,"column":24},"end":{"line":58,"column":63}},"type":"binary-expr","locations":[{"start":{"line":58,"column":24},"end":{"line":58,"column":45}},{"start":{"line":58,"column":49},"end":{"line":58,"column":63}}],"line":58},"5":{"loc":{"start":{"line":67,"column":27},"end":{"line":67,"column":123}},"type":"binary-expr","locations":[{"start":{"line":67,"column":27},"end":{"line":67,"column":56}},{"start":{"line":67,"column":60},"end":{"line":67,"column":73}},{"start":{"line":67,"column":77},"end":{"line":67,"column":123}}],"line":67},"6":{"loc":{"start":{"line":78,"column":6},"end":{"line":80,"column":7}},"type":"if","locations":[{"start":{"line":78,"column":6},"end":{"line":80,"column":7}},{"start":{},"end":{}}],"line":78},"7":{"loc":{"start":{"line":83,"column":6},"end":{"line":91,"column":7}},"type":"if","locations":[{"start":{"line":83,"column":6},"end":{"line":91,"column":7}},{"start":{"line":87,"column":13},"end":{"line":91,"column":7}}],"line":83},"8":{"loc":{"start":{"line":84,"column":8},"end":{"line":86,"column":9}},"type":"if","locations":[{"start":{"line":84,"column":8},"end":{"line":86,"column":9}},{"start":{},"end":{}}],"line":84},"9":{"loc":{"start":{"line":84,"column":12},"end":{"line":84,"column":57}},"type":"binary-expr","locations":[{"start":{"line":84,"column":12},"end":{"line":84,"column":31}},{"start":{"line":84,"column":35},"end":{"line":84,"column":57}}],"line":84},"10":{"loc":{"start":{"line":87,"column":13},"end":{"line":91,"column":7}},"type":"if","locations":[{"start":{"line":87,"column":13},"end":{"line":91,"column":7}},{"start":{},"end":{}}],"line":87},"11":{"loc":{"start":{"line":88,"column":8},"end":{"line":90,"column":9}},"type":"if","locations":[{"start":{"line":88,"column":8},"end":{"line":90,"column":9}},{"start":{},"end":{}}],"line":88},"12":{"loc":{"start":{"line":102,"column":6},"end":{"line":104,"column":7}},"type":"if","locations":[{"start":{"line":102,"column":6},"end":{"line":104,"column":7}},{"start":{},"end":{}}],"line":102},"13":{"loc":{"start":{"line":103,"column":24},"end":{"line":103,"column":93}},"type":"binary-expr","locations":[{"start":{"line":103,"column":24},"end":{"line":103,"column":43}},{"start":{"line":103,"column":47},"end":{"line":103,"column":68}},{"start":{"line":103,"column":72},"end":{"line":103,"column":93}}],"line":103},"14":{"loc":{"start":{"line":117,"column":27},"end":{"line":117,"column":148}},"type":"binary-expr","locations":[{"start":{"line":117,"column":27},"end":{"line":117,"column":54}},{"start":{"line":117,"column":58},"end":{"line":117,"column":87}},{"start":{"line":117,"column":91},"end":{"line":117,"column":104}},{"start":{"line":117,"column":108},"end":{"line":117,"column":148}}],"line":117},"15":{"loc":{"start":{"line":131,"column":6},"end":{"line":133,"column":7}},"type":"if","locations":[{"start":{"line":131,"column":6},"end":{"line":133,"column":7}},{"start":{},"end":{}}],"line":131},"16":{"loc":{"start":{"line":132,"column":24},"end":{"line":132,"column":75}},"type":"binary-expr","locations":[{"start":{"line":132,"column":24},"end":{"line":132,"column":45}},{"start":{"line":132,"column":49},"end":{"line":132,"column":75}}],"line":132},"17":{"loc":{"start":{"line":138,"column":27},"end":{"line":138,"column":103}},"type":"binary-expr","locations":[{"start":{"line":138,"column":27},"end":{"line":138,"column":56}},{"start":{"line":138,"column":60},"end":{"line":138,"column":73}},{"start":{"line":138,"column":77},"end":{"line":138,"column":103}}],"line":138},"18":{"loc":{"start":{"line":154,"column":7},"end":{"line":154,"column":27}},"type":"binary-expr","locations":[{"start":{"line":154,"column":7},"end":{"line":154,"column":15}},{"start":{"line":154,"column":19},"end":{"line":154,"column":27}}],"line":154}},"s":{"0":0,"1":0,"2":0,"3":0,"4":0,"5":0,"6":0,"7":0,"8":0,"9":0,"10":0,"11":0,"12":0,"13":0,"14":0,"15":0,"16":0,"17":0,"18":0,"19":0,"20":0,"21":0,"22":0,"23":0,"24":0,"25":0,"26":0,"27":0,"28":0,"29":0,"30":0,"31":0,"32":0,"33":0,"34":0,"35":0,"36":0,"37":0,"38":0,"39":0,"40":0,"41":0,"42":0,"43":0,"44":0,"45":0,"46":0,"47":0,"48":0,"49":0,"50":0,"51":0,"52":0,"53":0,"54":0,"55":0,"56":0,"57":0,"58":0,"59":0,"60":0,"61":0,"62":0,"63":0,"64":0,"65":0,"66":0,"67":0,"68":0,"69":0,"70":0,"71":0,"72":0,"73":0,"74":0,"75":0,"76":0,"77":0,"78":0,"79":0},"f":{"0":0,"1":0,"2":0,"3":0,"4":0,"5":0,"6":0,"7":0,"8":0,"9":0},"b":{"0":[0,0],"1":[0,0],"2":[0,0],"3":[0,0],"4":[0,0],"5":[0,0,0],"6":[0,0],"7":[0,0],"8":[0,0],"9":[0,0],"10":[0,0],"11":[0,0],"12":[0,0],"13":[0,0,0],"14":[0,0,0,0],"15":[0,0],"16":[0,0],"17":[0,0,0],"18":[0,0]}}
,"C:\\student-feedback-devops\\frontend\\src\\context\\ThemeContext.js": {"path":"C:\\student-feedback-devops\\frontend\\src\\context\\ThemeContext.js","statementMap":{"0":{"start":{"line":5,"column":21},"end":{"line":5,"column":36}},"1":{"start":{"line":7,"column":24},"end":{"line":13,"column":1}},"2":{"start":{"line":8,"column":18},"end":{"line":8,"column":42}},"3":{"start":{"line":9,"column":2},"end":{"line":11,"column":3}},"4":{"start":{"line":10,"column":4},"end":{"line":10,"column":68}},"5":{"start":{"line":12,"column":2},"end":{"line":12,"column":17}},"6":{"start":{"line":15,"column":29},"end":{"line":38,"column":1}},"7":{"start":{"line":16,"column":26},"end":{"line":19,"column":4}},"8":{"start":{"line":17,"column":22},"end":{"line":17,"column":55}},"9":{"start":{"line":18,"column":4},"end":{"line":18,"column":32}},"10":{"start":{"line":21,"column":2},"end":{"line":23,"column":13}},"11":{"start":{"line":22,"column":4},"end":{"line":22,"column":44}},"12":{"start":{"line":25,"column":22},"end":{"line":27,"column":3}},"13":{"start":{"line":26,"column":4},"end":{"line":26,"column":69}},"14":{"start":{"line":26,"column":27},"end":{"line":26,"column":66}},"15":{"start":{"line":29,"column":16},"end":{"line":29,"column":30}},"16":{"start":{"line":31,"column":2},"end":{"line":37,"column":4}}},"fnMap":{"0":{"name":"(anonymous_0)","decl":{"start":{"line":7,"column":24},"end":{"line":7,"column":25}},"loc":{"start":{"line":7,"column":30},"end":{"line":13,"column":1}},"line":7},"1":{"name":"(anonymous_1)","decl":{"start":{"line":15,"column":29},"end":{"line":15,"column":30}},"loc":{"start":{"line":15,"column":47},"end":{"line":38,"column":1}},"line":15},"2":{"name":"(anonymous_2)","decl":{"start":{"line":16,"column":35},"end":{"line":16,"column":36}},"loc":{"start":{"line":16,"column":41},"end":{"line":19,"column":3}},"line":16},"3":{"name":"(anonymous_3)","decl":{"start":{"line":21,"column":12},"end":{"line":21,"column":13}},"loc":{"start":{"line":21,"column":18},"end":{"line":23,"column":3}},"line":21},"4":{"name":"(anonymous_4)","decl":{"start":{"line":25,"column":22},"end":{"line":25,"column":23}},"loc":{"start":{"line":25,"column":28},"end":{"line":27,"column":3}},"line":25},"5":{"name":"(anonymous_5)","decl":{"start":{"line":26,"column":12},"end":{"line":26,"column":13}},"loc":{"start":{"line":26,"column":27},"end":{"line":26,"column":66}},"line":26}},"branchMap":{"0":{"loc":{"start":{"line":9,"column":2},"end":{"line":11,"column":3}},"type":"if","locations":[{"start":{"line":9,"column":2},"end":{"line":11,"column":3}},{"start":{},"end":{}}],"line":9},"1":{"loc":{"start":{"line":18,"column":11},"end":{"line":18,"column":31}},"type":"binary-expr","locations":[{"start":{"line":18,"column":11},"end":{"line":18,"column":20}},{"start":{"line":18,"column":24},"end":{"line":18,"column":31}}],"line":18},"2":{"loc":{"start":{"line":26,"column":27},"end":{"line":26,"column":66}},"type":"cond-expr","locations":[{"start":{"line":26,"column":50},"end":{"line":26,"column":56}},{"start":{"line":26,"column":59},"end":{"line":26,"column":66}}],"line":26}},"s":{"0":0,"1":0,"2":0,"3":0,"4":0,"5":0,"6":0,"7":0,"8":0,"9":0,"10":0,"11":0,"12":0,"13":0,"14":0,"15":0,"16":0},"f":{"0":0,"1":0,"2":0,"3":0,"4":0,"5":0},"b":{"0":[0,0],"1":[0,0],"2":[0,0]}}
}
