TN:
SF:src\App.js
FN:15,App
FNF:1
FNH:0
FNDA:0,App
DA:16,0
LF:1
LH:0
BRF:0
BRH:0
end_of_record
TN:
SF:src\theme.js
FN:3,(anonymous_0)
FNF:1
FNH:0
FNDA:0,(anonymous_0)
DA:3,0
DA:4,0
DA:27,0
DA:50,0
LF:4
LH:0
BRDA:53,0,0,0
BRDA:53,0,1,0
BRF:2
BRH:0
end_of_record
TN:
SF:src\components\Analytics.js
FN:52,Analytics
FN:63,(anonymous_1)
FN:69,(anonymous_2)
FN:82,(anonymous_3)
FN:95,(anonymous_4)
FN:98,(anonymous_5)
FN:122,(anonymous_6)
FN:126,(anonymous_7)
FN:204,(anonymous_8)
FN:208,(anonymous_9)
FN:289,(anonymous_10)
FN:293,(anonymous_11)
FN:315,(anonymous_12)
FNF:13
FNH:0
FNDA:0,Analytics
FNDA:0,(anonymous_1)
FNDA:0,(anonymous_2)
FNDA:0,(anonymous_3)
FNDA:0,(anonymous_4)
FNDA:0,(anonymous_5)
FNDA:0,(anonymous_6)
FNDA:0,(anonymous_7)
FNDA:0,(anonymous_8)
FNDA:0,(anonymous_9)
FNDA:0,(anonymous_10)
FNDA:0,(anonymous_11)
FNDA:0,(anonymous_12)
DA:43,0
DA:44,0
DA:46,0
DA:53,0
DA:54,0
DA:55,0
DA:56,0
DA:63,0
DA:64,0
DA:65,0
DA:69,0
DA:70,0
DA:71,0
DA:72,0
DA:73,0
DA:74,0
DA:76,0
DA:78,0
DA:82,0
DA:83,0
DA:86,0
DA:87,0
DA:95,0
DA:98,0
DA:100,0
DA:122,0
DA:127,0
DA:204,0
DA:208,0
DA:289,0
DA:293,0
DA:315,0
DA:316,0
DA:318,0
LF:34
LH:0
BRDA:64,0,0,0
BRDA:64,0,1,0
BRDA:86,1,0,0
BRDA:86,1,1,0
BRDA:166,2,0,0
BRDA:166,2,1,0
BRF:6
BRH:0
end_of_record
TN:
SF:src\components\Dashboard.js
FN:55,Dashboard
FN:76,(anonymous_1)
FN:80,(anonymous_2)
FN:91,(anonymous_3)
FN:93,(anonymous_4)
FN:96,(anonymous_5)
FN:97,(anonymous_6)
FN:107,(anonymous_7)
FN:136,(anonymous_8)
FN:140,(anonymous_9)
FN:145,(anonymous_10)
FN:150,(anonymous_11)
FN:155,(anonymous_12)
FN:161,(anonymous_13)
FN:169,(anonymous_14)
FN:172,(anonymous_15)
FN:197,(anonymous_16)
FN:210,(anonymous_17)
FN:224,(anonymous_18)
FN:232,(anonymous_19)
FN:273,(anonymous_20)
FN:358,(anonymous_21)
FN:367,(anonymous_22)
FN:382,(anonymous_23)
FN:400,(anonymous_24)
FN:429,(anonymous_25)
FN:441,(anonymous_26)
FN:444,(anonymous_27)
FN:509,(anonymous_28)
FN:523,(anonymous_29)
FN:557,(anonymous_30)
FNF:31
FNH:0
FNDA:0,Dashboard
FNDA:0,(anonymous_1)
FNDA:0,(anonymous_2)
FNDA:0,(anonymous_3)
FNDA:0,(anonymous_4)
FNDA:0,(anonymous_5)
FNDA:0,(anonymous_6)
FNDA:0,(anonymous_7)
FNDA:0,(anonymous_8)
FNDA:0,(anonymous_9)
FNDA:0,(anonymous_10)
FNDA:0,(anonymous_11)
FNDA:0,(anonymous_12)
FNDA:0,(anonymous_13)
FNDA:0,(anonymous_14)
FNDA:0,(anonymous_15)
FNDA:0,(anonymous_16)
FNDA:0,(anonymous_17)
FNDA:0,(anonymous_18)
FNDA:0,(anonymous_19)
FNDA:0,(anonymous_20)
FNDA:0,(anonymous_21)
FNDA:0,(anonymous_22)
FNDA:0,(anonymous_23)
FNDA:0,(anonymous_24)
FNDA:0,(anonymous_25)
FNDA:0,(anonymous_26)
FNDA:0,(anonymous_27)
FNDA:0,(anonymous_28)
FNDA:0,(anonymous_29)
FNDA:0,(anonymous_30)
DA:52,0
DA:53,0
DA:56,0
DA:57,0
DA:58,0
DA:59,0
DA:60,0
DA:61,0
DA:62,0
DA:63,0
DA:64,0
DA:70,0
DA:71,0
DA:72,0
DA:73,0
DA:74,0
DA:76,0
DA:77,0
DA:80,0
DA:81,0
DA:82,0
DA:90,0
DA:91,0
DA:92,0
DA:93,0
DA:96,0
DA:97,0
DA:99,0
DA:107,0
DA:108,0
DA:109,0
DA:110,0
DA:111,0
DA:114,0
DA:115,0
DA:117,0
DA:118,0
DA:124,0
DA:130,0
DA:132,0
DA:136,0
DA:137,0
DA:140,0
DA:141,0
DA:142,0
DA:145,0
DA:146,0
DA:147,0
DA:150,0
DA:151,0
DA:152,0
DA:155,0
DA:156,0
DA:157,0
DA:158,0
DA:161,0
DA:162,0
DA:163,0
DA:165,0
DA:166,0
DA:169,0
DA:172,0
DA:179,0
DA:185,0
DA:186,0
DA:192,0
DA:193,0
DA:197,0
DA:198,0
DA:200,0
DA:202,0
DA:204,0
DA:206,0
DA:210,0
DA:211,0
DA:213,0
DA:215,0
DA:217,0
DA:219,0
DA:223,0
DA:226,0
DA:229,0
DA:230,0
DA:233,0
DA:235,0
DA:237,0
DA:239,0
DA:241,0
DA:245,0
DA:246,0
DA:253,0
DA:273,0
DA:358,0
DA:367,0
DA:382,0
DA:401,0
DA:429,0
DA:441,0
DA:444,0
DA:509,0
DA:523,0
DA:557,0
DA:558,0
DA:560,0
LF:104
LH:0
BRDA:81,0,0,0
BRDA:81,0,1,0
BRDA:81,1,0,0
BRDA:81,1,1,0
BRDA:91,2,0,0
BRDA:91,2,1,0
BRDA:92,3,0,0
BRDA:92,3,1,0
BRDA:115,4,0,0
BRDA:115,4,1,0
BRDA:120,5,0,0
BRDA:120,5,1,0
BRDA:165,6,0,0
BRDA:165,6,1,0
BRDA:175,7,0,0
BRDA:175,7,1,0
BRDA:176,8,0,0
BRDA:176,8,1,0
BRDA:188,9,0,0
BRDA:188,9,1,0
BRDA:198,10,0,0
BRDA:198,10,1,0
BRDA:198,10,2,0
BRDA:198,10,3,0
BRDA:211,11,0,0
BRDA:211,11,1,0
BRDA:211,11,2,0
BRDA:211,11,3,0
BRDA:226,12,0,0
BRDA:226,12,1,0
BRDA:226,12,2,0
BRDA:226,13,0,0
BRDA:226,13,1,0
BRDA:227,14,0,0
BRDA:227,14,1,0
BRDA:228,15,0,0
BRDA:228,15,1,0
BRDA:229,16,0,0
BRDA:229,16,1,0
BRDA:230,17,0,0
BRDA:230,17,1,0
BRDA:233,18,0,0
BRDA:233,18,1,0
BRDA:233,18,2,0
BRDA:233,18,3,0
BRDA:239,19,0,0
BRDA:239,19,1,0
BRDA:239,20,0,0
BRDA:239,20,1,0
BRDA:245,21,0,0
BRDA:245,21,1,0
BRDA:267,22,0,0
BRDA:267,22,1,0
BRDA:269,23,0,0
BRDA:269,23,1,0
BRDA:337,24,0,0
BRDA:337,24,1,0
BRDA:394,25,0,0
BRDA:394,25,1,0
BRDA:396,26,0,0
BRDA:396,26,1,0
BRDA:409,27,0,0
BRDA:409,27,1,0
BRDA:425,28,0,0
BRDA:425,28,1,0
BRDA:425,28,2,0
BRDA:436,29,0,0
BRDA:436,29,1,0
BRDA:568,30,0,0
BRDA:568,30,1,0
BRF:70
BRH:0
end_of_record
TN:
SF:src\components\EditProfileModal.js
FN:23,(anonymous_0)
FN:36,(anonymous_1)
FN:38,(anonymous_2)
FN:44,(anonymous_3)
FN:71,(anonymous_4)
FN:82,(anonymous_5)
FN:103,(anonymous_6)
FN:106,(anonymous_7)
FNF:8
FNH:0
FNDA:0,(anonymous_0)
FNDA:0,(anonymous_1)
FNDA:0,(anonymous_2)
FNDA:0,(anonymous_3)
FNDA:0,(anonymous_4)
FNDA:0,(anonymous_5)
FNDA:0,(anonymous_6)
FNDA:0,(anonymous_7)
DA:23,0
DA:24,0
DA:25,0
DA:26,0
DA:33,0
DA:34,0
DA:36,0
DA:37,0
DA:38,0
DA:44,0
DA:45,0
DA:46,0
DA:49,0
DA:50,0
DA:51,0
DA:55,0
DA:56,0
DA:57,0
DA:60,0
DA:61,0
DA:62,0
DA:64,0
DA:70,0
DA:71,0
DA:75,0
DA:78,0
DA:82,0
DA:83,0
DA:84,0
DA:85,0
DA:87,0
DA:88,0
DA:90,0
DA:91,0
DA:92,0
DA:94,0
DA:97,0
DA:99,0
DA:103,0
DA:104,0
DA:106,0
DA:111,0
LF:42
LH:0
BRDA:27,0,0,0
BRDA:27,0,1,0
BRDA:28,1,0,0
BRDA:28,1,1,0
BRDA:29,2,0,0
BRDA:29,2,1,0
BRDA:30,3,0,0
BRDA:30,3,1,0
BRDA:31,4,0,0
BRDA:31,4,1,0
BRDA:46,5,0,0
BRDA:46,5,1,0
BRDA:49,6,0,0
BRDA:49,6,1,0
BRDA:55,7,0,0
BRDA:55,7,1,0
BRDA:70,8,0,0
BRDA:70,8,1,0
BRDA:90,9,0,0
BRDA:90,9,1,0
BRDA:94,10,0,0
BRDA:94,10,1,0
BRDA:97,11,0,0
BRDA:97,11,1,0
BRDA:139,12,0,0
BRDA:139,12,1,0
BRDA:213,13,0,0
BRDA:213,13,1,0
BRDA:234,14,0,0
BRDA:234,14,1,0
BRF:30
BRH:0
end_of_record
TN:
SF:src\components\FeedbackForm.js
FN:68,(anonymous_0)
FN:92,(anonymous_1)
FN:93,(anonymous_2)
FN:107,(anonymous_3)
FN:119,(anonymous_4)
FN:122,(anonymous_5)
FN:140,(anonymous_6)
FN:177,(anonymous_7)
FN:183,(anonymous_8)
FN:208,(anonymous_9)
FN:240,(anonymous_10)
FN:246,(anonymous_11)
FN:250,(anonymous_12)
FN:327,(anonymous_13)
FN:345,(anonymous_14)
FN:347,(anonymous_15)
FN:356,(anonymous_16)
FN:571,(anonymous_17)
FN:632,(anonymous_18)
FN:675,(anonymous_19)
FN:758,(anonymous_20)
FN:804,(anonymous_21)
FNF:22
FNH:0
FNDA:0,(anonymous_0)
FNDA:0,(anonymous_1)
FNDA:0,(anonymous_2)
FNDA:0,(anonymous_3)
FNDA:0,(anonymous_4)
FNDA:0,(anonymous_5)
FNDA:0,(anonymous_6)
FNDA:0,(anonymous_7)
FNDA:0,(anonymous_8)
FNDA:0,(anonymous_9)
FNDA:0,(anonymous_10)
FNDA:0,(anonymous_11)
FNDA:0,(anonymous_12)
FNDA:0,(anonymous_13)
FNDA:0,(anonymous_14)
FNDA:0,(anonymous_15)
FNDA:0,(anonymous_16)
FNDA:0,(anonymous_17)
FNDA:0,(anonymous_18)
FNDA:0,(anonymous_19)
FNDA:0,(anonymous_20)
FNDA:0,(anonymous_21)
DA:50,0
DA:51,0
DA:53,0
DA:55,0
DA:68,0
DA:69,0
DA:70,0
DA:81,0
DA:82,0
DA:83,0
DA:84,0
DA:85,0
DA:86,0
DA:87,0
DA:88,0
DA:89,0
DA:90,0
DA:92,0
DA:93,0
DA:94,0
DA:95,0
DA:97,0
DA:98,0
DA:99,0
DA:101,0
DA:104,0
DA:107,0
DA:108,0
DA:109,0
DA:110,0
DA:113,0
DA:114,0
DA:116,0
DA:119,0
DA:122,0
DA:123,0
DA:124,0
DA:125,0
DA:126,0
DA:128,0
DA:131,0
DA:136,0
DA:140,0
DA:141,0
DA:142,0
DA:143,0
DA:144,0
DA:147,0
DA:150,0
DA:151,0
DA:153,0
DA:154,0
DA:157,0
DA:168,0
DA:170,0
DA:171,0
DA:177,0
DA:178,0
DA:183,0
DA:184,0
DA:187,0
DA:188,0
DA:189,0
DA:190,0
DA:192,0
DA:193,0
DA:194,0
DA:197,0
DA:198,0
DA:199,0
DA:200,0
DA:204,0
DA:205,0
DA:208,0
DA:209,0
DA:211,0
DA:213,0
DA:214,0
DA:215,0
DA:217,0
DA:218,0
DA:220,0
DA:221,0
DA:223,0
DA:224,0
DA:225,0
DA:226,0
DA:228,0
DA:229,0
DA:230,0
DA:231,0
DA:233,0
DA:236,0
DA:237,0
DA:240,0
DA:241,0
DA:242,0
DA:246,0
DA:247,0
DA:250,0
DA:251,0
DA:254,0
DA:257,0
DA:258,0
DA:263,0
DA:266,0
DA:267,0
DA:268,0
DA:271,0
DA:272,0
DA:274,0
DA:275,0
DA:280,0
DA:291,0
DA:293,0
DA:294,0
DA:297,0
DA:303,0
DA:313,0
DA:315,0
DA:316,0
DA:319,0
DA:327,0
DA:328,0
DA:331,0
DA:332,0
DA:335,0
DA:341,0
DA:345,0
DA:346,0
DA:347,0
DA:356,0
DA:357,0
DA:360,0
DA:572,0
DA:633,0
DA:676,0
DA:759,0
DA:805,0
LF:139
LH:0
BRDA:94,0,0,0
BRDA:94,0,1,0
BRDA:97,1,0,0
BRDA:97,1,1,0
BRDA:113,2,0,0
BRDA:113,2,1,0
BRDA:125,3,0,0
BRDA:125,3,1,0
BRDA:125,4,0,0
BRDA:125,4,1,0
BRDA:133,5,0,0
BRDA:133,5,1,0
BRDA:143,6,0,0
BRDA:143,6,1,0
BRDA:150,7,0,0
BRDA:150,7,1,0
BRDA:150,8,0,0
BRDA:150,8,1,0
BRDA:153,9,0,0
BRDA:153,9,1,0
BRDA:153,10,0,0
BRDA:153,10,1,0
BRDA:165,11,0,0
BRDA:165,11,1,0
BRDA:166,12,0,0
BRDA:166,12,1,0
BRDA:173,13,0,0
BRDA:173,13,1,0
BRDA:173,13,2,0
BRDA:187,14,0,0
BRDA:187,14,1,0
BRDA:188,15,0,0
BRDA:188,15,1,0
BRDA:189,16,0,0
BRDA:189,16,1,0
BRDA:189,17,0,0
BRDA:189,17,1,0
BRDA:192,18,0,0
BRDA:192,18,1,0
BRDA:193,19,0,0
BRDA:193,19,1,0
BRDA:194,20,0,0
BRDA:194,20,1,0
BRDA:197,21,0,0
BRDA:197,21,1,0
BRDA:197,22,0,0
BRDA:197,22,1,0
BRDA:198,23,0,0
BRDA:198,23,1,0
BRDA:199,24,0,0
BRDA:199,24,1,0
BRDA:199,25,0,0
BRDA:199,25,1,0
BRDA:211,26,0,0
BRDA:211,26,1,0
BRDA:211,26,2,0
BRDA:213,27,0,0
BRDA:213,27,1,0
BRDA:214,28,0,0
BRDA:214,28,1,0
BRDA:217,29,0,0
BRDA:217,29,1,0
BRDA:217,30,0,0
BRDA:217,30,1,0
BRDA:220,31,0,0
BRDA:220,31,1,0
BRDA:223,32,0,0
BRDA:223,32,1,0
BRDA:225,33,0,0
BRDA:225,33,1,0
BRDA:225,34,0,0
BRDA:225,34,1,0
BRDA:228,35,0,0
BRDA:228,35,1,0
BRDA:230,36,0,0
BRDA:230,36,1,0
BRDA:241,37,0,0
BRDA:241,37,1,0
BRDA:257,38,0,0
BRDA:257,38,1,0
BRDA:271,39,0,0
BRDA:271,39,1,0
BRDA:274,40,0,0
BRDA:274,40,1,0
BRDA:293,41,0,0
BRDA:293,41,1,0
BRDA:294,42,0,0
BRDA:294,42,1,0
BRDA:315,43,0,0
BRDA:315,43,1,0
BRDA:316,44,0,0
BRDA:316,44,1,0
BRDA:332,45,0,0
BRDA:332,45,1,0
BRDA:332,45,2,0
BRDA:349,46,0,0
BRDA:349,46,1,0
BRDA:350,47,0,0
BRDA:350,47,1,0
BRDA:351,48,0,0
BRDA:351,48,1,0
BRDA:380,49,0,0
BRDA:380,49,1,0
BRDA:383,50,0,0
BRDA:383,50,1,0
BRDA:383,51,0,0
BRDA:383,51,1,0
BRDA:394,52,0,0
BRDA:394,52,1,0
BRDA:399,53,0,0
BRDA:399,53,1,0
BRDA:402,54,0,0
BRDA:402,54,1,0
BRDA:425,55,0,0
BRDA:425,55,1,0
BRDA:439,56,0,0
BRDA:439,56,1,0
BRDA:474,57,0,0
BRDA:474,57,1,0
BRDA:482,58,0,0
BRDA:482,58,1,0
BRDA:484,59,0,0
BRDA:484,59,1,0
BRDA:488,60,0,0
BRDA:488,60,1,0
BRDA:509,61,0,0
BRDA:509,61,1,0
BRDA:539,62,0,0
BRDA:539,62,1,0
BRDA:545,63,0,0
BRDA:545,63,1,0
BRDA:566,64,0,0
BRDA:566,64,1,0
BRDA:580,65,0,0
BRDA:580,65,1,0
BRDA:614,66,0,0
BRDA:614,66,1,0
BRDA:628,67,0,0
BRDA:628,67,1,0
BRDA:632,68,0,0
BRDA:632,68,1,0
BRDA:638,69,0,0
BRDA:638,69,1,0
BRDA:655,70,0,0
BRDA:655,70,1,0
BRDA:683,71,0,0
BRDA:683,71,1,0
BRDA:698,72,0,0
BRDA:698,72,1,0
BRDA:710,73,0,0
BRDA:710,73,1,0
BRDA:717,74,0,0
BRDA:717,74,1,0
BRDA:741,75,0,0
BRDA:741,75,1,0
BRDA:778,76,0,0
BRDA:778,76,1,0
BRDA:794,77,0,0
BRDA:794,77,1,0
BRDA:834,78,0,0
BRDA:834,78,1,0
BRDA:891,79,0,0
BRDA:891,79,1,0
BRDA:899,80,0,0
BRDA:899,80,1,0
BRDA:902,81,0,0
BRDA:902,81,1,0
BRDA:912,82,0,0
BRDA:912,82,1,0
BRDA:952,83,0,0
BRDA:952,83,1,0
BRDA:958,84,0,0
BRDA:958,84,1,0
BRDA:999,85,0,0
BRDA:999,85,1,0
BRDA:1002,86,0,0
BRDA:1002,86,1,0
BRDA:1005,87,0,0
BRDA:1005,87,1,0
BRDA:1008,88,0,0
BRDA:1008,88,1,0
BRF:181
BRH:0
end_of_record
TN:
SF:src\components\Layout.js
FN:44,Layout
FN:51,(anonymous_1)
FN:55,(anonymous_2)
FN:150,(anonymous_3)
FN:151,(anonymous_4)
FNF:5
FNH:0
FNDA:0,Layout
FNDA:0,(anonymous_1)
FNDA:0,(anonymous_2)
FNDA:0,(anonymous_3)
FNDA:0,(anonymous_4)
DA:41,0
DA:42,0
DA:45,0
DA:46,0
DA:47,0
DA:48,0
DA:49,0
DA:51,0
DA:52,0
DA:55,0
DA:56,0
DA:57,0
DA:60,0
DA:94,0
DA:150,0
DA:152,0
DA:237,0
LF:17
LH:0
BRDA:173,0,0,0
BRDA:173,0,1,0
BRDA:183,1,0,0
BRDA:183,1,1,0
BRDA:193,2,0,0
BRDA:193,2,1,0
BRDA:244,3,0,0
BRDA:244,3,1,0
BRDA:261,4,0,0
BRDA:261,4,1,0
BRDA:292,5,0,0
BRDA:292,5,1,0
BRDA:301,6,0,0
BRDA:301,6,1,0
BRDA:323,7,0,0
BRDA:323,7,1,0
BRF:16
BRH:0
end_of_record
TN:
SF:src\components\Login.js
FN:31,Login
FN:39,(anonymous_1)
FN:258,(anonymous_2)
FNF:3
FNH:0
FNDA:0,Login
FNDA:0,(anonymous_1)
FNDA:0,(anonymous_2)
DA:28,0
DA:29,0
DA:32,0
DA:33,0
DA:34,0
DA:35,0
DA:36,0
DA:37,0
DA:39,0
DA:40,0
DA:41,0
DA:44,0
DA:45,0
DA:47,0
DA:48,0
DA:49,0
DA:53,0
DA:54,0
DA:55,0
DA:56,0
DA:59,0
DA:60,0
DA:61,0
DA:62,0
DA:63,0
DA:65,0
DA:67,0
DA:71,0
DA:258,0
LF:29
LH:0
BRDA:47,0,0,0
BRDA:47,0,1,0
BRDA:47,1,0,0
BRDA:47,1,1,0
BRDA:54,2,0,0
BRDA:54,2,1,0
BRDA:77,3,0,0
BRDA:77,3,1,0
BRDA:87,4,0,0
BRDA:87,4,1,0
BRDA:132,5,0,0
BRDA:132,5,1,0
BRDA:137,6,0,0
BRDA:137,6,1,0
BRDA:140,7,0,0
BRDA:140,7,1,0
BRDA:183,8,0,0
BRDA:183,8,1,0
BRDA:244,9,0,0
BRDA:244,9,1,0
BRDA:262,10,0,0
BRDA:262,10,1,0
BRDA:303,11,0,0
BRDA:303,11,1,0
BRF:24
BRH:0
end_of_record
TN:
SF:src\components\PrivateRoute.js
FN:6,PrivateRoute
FNF:1
FNH:0
FNDA:0,PrivateRoute
DA:7,0
DA:9,0
DA:10,0
DA:22,0
LF:4
LH:0
BRDA:9,0,0,0
BRDA:9,0,1,0
BRDA:22,1,0,0
BRDA:22,1,1,0
BRF:4
BRH:0
end_of_record
TN:
SF:src\components\ProfileDropdown.js
FN:23,(anonymous_0)
FN:29,(anonymous_1)
FN:33,(anonymous_2)
FN:37,(anonymous_3)
FN:42,(anonymous_4)
FN:47,(anonymous_5)
FN:50,(anonymous_6)
FN:164,(anonymous_7)
FNF:8
FNH:0
FNDA:0,(anonymous_0)
FNDA:0,(anonymous_1)
FNDA:0,(anonymous_2)
FNDA:0,(anonymous_3)
FNDA:0,(anonymous_4)
FNDA:0,(anonymous_5)
FNDA:0,(anonymous_6)
FNDA:0,(anonymous_7)
DA:23,0
DA:24,0
DA:25,0
DA:26,0
DA:27,0
DA:29,0
DA:30,0
DA:33,0
DA:34,0
DA:37,0
DA:38,0
DA:39,0
DA:42,0
DA:43,0
DA:44,0
DA:47,0
DA:48,0
DA:50,0
DA:55,0
DA:164,0
LF:20
LH:0
BRDA:62,0,0,0
BRDA:62,0,1,0
BRDA:64,1,0,0
BRDA:64,1,1,0
BRDA:68,2,0,0
BRDA:68,2,1,0
BRDA:113,3,0,0
BRDA:113,3,1,0
BRDA:136,4,0,0
BRDA:136,4,1,0
BRF:10
BRH:0
end_of_record
TN:
SF:src\components\Register.js
FN:51,Register
FN:62,(anonymous_1)
FN:430,(anonymous_2)
FN:470,(anonymous_3)
FN:511,(anonymous_4)
FN:576,(anonymous_5)
FN:623,(anonymous_6)
FNF:7
FNH:0
FNDA:0,Register
FNDA:0,(anonymous_1)
FNDA:0,(anonymous_2)
FNDA:0,(anonymous_3)
FNDA:0,(anonymous_4)
FNDA:0,(anonymous_5)
FNDA:0,(anonymous_6)
DA:36,0
DA:37,0
DA:39,0
DA:52,0
DA:53,0
DA:54,0
DA:55,0
DA:56,0
DA:57,0
DA:58,0
DA:59,0
DA:60,0
DA:62,0
DA:63,0
DA:64,0
DA:67,0
DA:85,0
DA:92,0
DA:93,0
DA:94,0
DA:97,0
DA:98,0
DA:99,0
DA:102,0
DA:103,0
DA:104,0
DA:107,0
DA:108,0
DA:109,0
DA:110,0
DA:113,0
DA:114,0
DA:115,0
DA:118,0
DA:119,0
DA:120,0
DA:123,0
DA:124,0
DA:125,0
DA:126,0
DA:128,0
DA:129,0
DA:130,0
DA:132,0
DA:133,0
DA:134,0
DA:138,0
DA:139,0
DA:140,0
DA:143,0
DA:144,0
DA:145,0
DA:146,0
DA:147,0
DA:149,0
DA:150,0
DA:152,0
DA:156,0
DA:430,0
DA:470,0
DA:511,0
DA:576,0
DA:624,0
LF:63
LH:0
BRDA:75,0,0,0
BRDA:75,0,1,0
BRDA:79,1,0,0
BRDA:79,1,1,0
BRDA:92,2,0,0
BRDA:92,2,1,0
BRDA:92,3,0,0
BRDA:92,3,1,0
BRDA:97,4,0,0
BRDA:97,4,1,0
BRDA:102,5,0,0
BRDA:102,5,1,0
BRDA:108,6,0,0
BRDA:108,6,1,0
BRDA:113,7,0,0
BRDA:113,7,1,0
BRDA:113,8,0,0
BRDA:113,8,1,0
BRDA:118,9,0,0
BRDA:118,9,1,0
BRDA:123,10,0,0
BRDA:123,10,1,0
BRDA:124,11,0,0
BRDA:124,11,1,0
BRDA:128,12,0,0
BRDA:128,12,1,0
BRDA:132,13,0,0
BRDA:132,13,1,0
BRDA:132,14,0,0
BRDA:132,14,1,0
BRDA:132,14,2,0
BRDA:138,15,0,0
BRDA:138,15,1,0
BRDA:138,16,0,0
BRDA:138,16,1,0
BRDA:150,17,0,0
BRDA:150,17,1,0
BRDA:162,18,0,0
BRDA:162,18,1,0
BRDA:172,19,0,0
BRDA:172,19,1,0
BRDA:218,20,0,0
BRDA:218,20,1,0
BRDA:223,21,0,0
BRDA:223,21,1,0
BRDA:226,22,0,0
BRDA:226,22,1,0
BRDA:269,23,0,0
BRDA:269,23,1,0
BRDA:415,24,0,0
BRDA:415,24,1,0
BRDA:433,25,0,0
BRDA:433,25,1,0
BRDA:456,26,0,0
BRDA:456,26,1,0
BRDA:473,27,0,0
BRDA:473,27,1,0
BRDA:525,28,0,0
BRDA:525,28,1,0
BRDA:594,29,0,0
BRDA:594,29,1,0
BRDA:658,30,0,0
BRDA:658,30,1,0
BRF:63
BRH:0
end_of_record
TN:
SF:src\context\AuthContext.js
FN:10,(anonymous_0)
FN:18,(anonymous_1)
FN:23,(anonymous_2)
FN:27,(anonymous_3)
FN:47,(anonymous_4)
FN:53,(anonymous_5)
FN:72,(anonymous_6)
FN:76,(anonymous_7)
FN:122,(anonymous_8)
FN:127,(anonymous_9)
FNF:10
FNH:0
FNDA:0,(anonymous_0)
FNDA:0,(anonymous_1)
FNDA:0,(anonymous_2)
FNDA:0,(anonymous_3)
FNDA:0,(anonymous_4)
FNDA:0,(anonymous_5)
FNDA:0,(anonymous_6)
FNDA:0,(anonymous_7)
FNDA:0,(anonymous_8)
FNDA:0,(anonymous_9)
DA:6,0
DA:8,0
DA:10,0
DA:11,0
DA:12,0
DA:13,0
DA:15,0
DA:18,0
DA:19,0
DA:20,0
DA:21,0
DA:23,0
DA:24,0
DA:27,0
DA:28,0
DA:29,0
DA:30,0
DA:31,0
DA:32,0
DA:33,0
DA:34,0
DA:36,0
DA:40,0
DA:41,0
DA:43,0
DA:47,0
DA:48,0
DA:49,0
DA:50,0
DA:53,0
DA:54,0
DA:55,0
DA:57,0
DA:58,0
DA:61,0
DA:62,0
DA:63,0
DA:64,0
DA:65,0
DA:67,0
DA:68,0
DA:72,0
DA:73,0
DA:75,0
DA:76,0
DA:78,0
DA:79,0
DA:83,0
DA:84,0
DA:85,0
DA:87,0
DA:88,0
DA:89,0
DA:94,0
DA:100,0
DA:102,0
DA:103,0
DA:106,0
DA:107,0
DA:108,0
DA:109,0
DA:110,0
DA:112,0
DA:117,0
DA:118,0
DA:122,0
DA:123,0
DA:124,0
DA:127,0
DA:128,0
DA:129,0
DA:131,0
DA:132,0
DA:135,0
DA:136,0
DA:138,0
DA:139,0
DA:143,0
DA:152,0
LF:79
LH:0
BRDA:12,0,0,0
BRDA:12,0,1,0
BRDA:30,1,0,0
BRDA:30,1,1,0
BRDA:33,2,0,0
BRDA:33,2,1,0
BRDA:57,3,0,0
BRDA:57,3,1,0
BRDA:58,4,0,0
BRDA:58,4,1,0
BRDA:67,5,0,0
BRDA:67,5,1,0
BRDA:67,5,2,0
BRDA:78,6,0,0
BRDA:78,6,1,0
BRDA:83,7,0,0
BRDA:83,7,1,0
BRDA:84,8,0,0
BRDA:84,8,1,0
BRDA:84,9,0,0
BRDA:84,9,1,0
BRDA:87,10,0,0
BRDA:87,10,1,0
BRDA:88,11,0,0
BRDA:88,11,1,0
BRDA:102,12,0,0
BRDA:102,12,1,0
BRDA:103,13,0,0
BRDA:103,13,1,0
BRDA:103,13,2,0
BRDA:117,14,0,0
BRDA:117,14,1,0
BRDA:117,14,2,0
BRDA:117,14,3,0
BRDA:131,15,0,0
BRDA:131,15,1,0
BRDA:132,16,0,0
BRDA:132,16,1,0
BRDA:138,17,0,0
BRDA:138,17,1,0
BRDA:138,17,2,0
BRDA:154,18,0,0
BRDA:154,18,1,0
BRF:43
BRH:0
end_of_record
TN:
SF:src\context\ThemeContext.js
FN:7,(anonymous_0)
FN:15,(anonymous_1)
FN:16,(anonymous_2)
FN:21,(anonymous_3)
FN:25,(anonymous_4)
FN:26,(anonymous_5)
FNF:6
FNH:0
FNDA:0,(anonymous_0)
FNDA:0,(anonymous_1)
FNDA:0,(anonymous_2)
FNDA:0,(anonymous_3)
FNDA:0,(anonymous_4)
FNDA:0,(anonymous_5)
DA:5,0
DA:7,0
DA:8,0
DA:9,0
DA:10,0
DA:12,0
DA:15,0
DA:16,0
DA:17,0
DA:18,0
DA:21,0
DA:22,0
DA:25,0
DA:26,0
DA:29,0
DA:31,0
LF:16
LH:0
BRDA:9,0,0,0
BRDA:9,0,1,0
BRDA:18,1,0,0
BRDA:18,1,1,0
BRDA:26,2,0,0
BRDA:26,2,1,0
BRF:6
BRH:0
end_of_record
